13 [22933227911040] INFO perfrun.launcher <> - Launcher main begin
16 [22933227911040] INFO perfrun.launcher <> - MessageCatalogInit finished
16 [22933227911040] INFO perfrun.launcher <> - Launcher instance created
16 [22933227911040] INFO perfrun.launcher <> - argc = 7; cmdline = /opt/intel/oneapi/vtune/2023.1.0/bin64/amplxe-runss --ui-output-format xml --ui-output-fd 5 --option-file /home/course/hpc/users/2023010828/exp8/result.conv1/config/runss.options.7 
111 [22933227911040] INFO perfrun.launcher <> - create msngr2::ICliToolContext
111 [22933227911040] INFO perfrun.launcher <> - create file finder object
111 [22933227911040] INFO perfrun.launcher <> - create a result directory: pattern = /home/course/hpc/users/2023010828/exp8/result.conv1 pid = 4294967295
113 [22933227911040] INFO perfrun.sdk <> - checked that the directory /home/course/hpc/users/2023010828/exp8/result.conv1 is a local directory
114 [22933227911040] INFO perfrun.sdk <> - the directory /home/course/hpc/users/2023010828/exp8/result.conv1 is located on a share or its FS ID is unknown 26985
114 [22933227911040] INFO perfrun.sdk <> - checked that the directory /tmp/amplxe-tmp-2023010828 is a local directory
114 [22933227911040] INFO perfrun.sdk <> - the directory /tmp/amplxe-tmp-2023010828 is located on a share or its FS ID is unknown 2035054128
119 [22933227911040] INFO perfrun.launcher <> - create data directory = /home/course/hpc/users/2023010828/exp8/result.conv1/data.4
122 [22933227911040] INFO perfrun.launcher <> - Creating the master collection flag
122 [22933227911040] INFO perfrun.launcher <> - Done creating the master collection flag
125 [22933084825280] INFO perfrun.launcher <> - plugin [remoteplug] was disabled because it doesn't support the given collection type.
125 [22933084825280] INFO perfrun.sdk <> - Allocating TMU :/home/course/hpc/users/2023010828/exp8/result.conv1/data.4/systemcollector-3823462-conv1.sc
128 [22933084825280] INFO perfrun.launcher <> - plugin [vdso] was disabled because it doesn't support the given collection type.
128 [22933084825280] INFO perfrun.launcher <> - plugin [ptracecollector] was disabled because it doesn't support the given collection type.
128 [22933084825280] INFO perfrun.launcher <> - plugin [gpu] was disabled because it doesn't support the given collection type.
128 [22933084825280] INFO perfrun.launcher <> - plugin [] was disabled because it doesn't support the given collection type.
128 [22933084825280] INFO perfrun.launcher <> - plugin [] was disabled because it doesn't support the given collection type.
128 [22933084825280] INFO perfrun.launcher <> - plugin [] was disabled because it doesn't support the given collection type.
128 [22933084825280] INFO perfrun.mrte <> - system-wide mode is 0
128 [22933084825280] INFO perfrun.mrte <> - Getting  mrte profiling environment ...
194 [22933084825280] INFO perfrun.mrte <> - INTEL_MRTE_DATA_DIR=/home/course/hpc/users/2023010828/exp8/result.conv1/data.4
194 [22933084825280] INFO perfrun.mrte <> - INTEL_MRTE_HOST_NAME=conv1
194 [22933084825280] INFO perfrun.mrte <> - JAVA_TOOL_OPTIONS=-agentlib:amplxe_tpssmrte_javaprof_1.0 -Dsun.boot.library.path=/opt/intel/oneapi/vtune/2023.1.0/lib32/runtime:/opt/intel/oneapi/vtune/2023.1.0/lib64/runtime
194 [22933084825280] INFO perfrun.mrte <> - LD_LIBRARY_PATH=/opt/intel/oneapi/vtune/2023.1.0/lib32/runtime:/opt/intel/oneapi/vtune/2023.1.0/lib64/runtime:/opt/intel/oneapi/tbb/2021.5.1/env/../lib/intel64/gcc4.8:/opt/intel/oneapi/mpi/2021.5.1//libfabric/lib:/opt/intel/oneapi/mpi/2021.5.1//lib/release:/opt/intel/oneapi/mpi/2021.5.1//lib:/opt/intel/oneapi/mkl/2022.0.2/lib/intel64:/opt/intel/oneapi/itac/2021.5.0/slib:/opt/intel/oneapi/debugger/2021.5.0/gdb/intel64/lib:/opt/intel/oneapi/debugger/2021.5.0/libipt/intel64/lib:/opt/intel/oneapi/debugger/2021.5.0/dep/lib:/opt/intel/oneapi/compiler/2022.0.2/linux/lib:/opt/intel/oneapi/compiler/2022.0.2/linux/lib/x64:/opt/intel/oneapi/compiler/2022.0.2/linux/lib/oclfpga/host/linux64/lib:/opt/intel/oneapi/compiler/2022.0.2/linux/compiler/lib/intel64_lin
194 [22933084825280] INFO perfrun.mrte <> - CORECLR_ENABLE_PROFILING=1
194 [22933084825280] INFO perfrun.mrte <> - CORECLR_PROFILER={AA5E4821-E3B1-479c-B7FF-5AD047D22CED}
194 [22933084825280] INFO perfrun.mrte <> - CORECLR_PROFILER_PATH=/opt/intel/oneapi/vtune/2023.1.0/lib64/libamplxe_samplingmrte_clrprof_1.0.so
194 [22933084825280] INFO perfrun.mrte <> - INTEL_MRTE_PROFILER_MODE=mixed
194 [22933084825280] INFO perfrun.mrte <> - Data directory: /home/course/hpc/users/2023010828/exp8/result.conv1/data.4
194 [22933084825280] INFO perfrun.mrte <> - Mrte plugin is initialized
194 [22933084825280] INFO perfrun.launcher <> - plugin [emon] was disabled because it doesn't support the given collection type.
195 [22933084825280] INFO perfrun.launcher <> - plugin [cuscol] was disabled because it doesn't support the given collection type.
195 [22933084825280] INFO perfrun.launcher <> - plugin [stdsrc] was disabled because it doesn't support the given collection type.
195 [22933084825280] INFO perfrun.launcher <> - plugin [sep] was disabled because it doesn't support the given collection type.
195 [22933084825280] INFO perfrun.launcher <> - plugin [vtsspp] was disabled because it doesn't support the given collection type.
195 [22933084825280] INFO perfrun.sdk <> - Reading value (0) from file: /proc/sys/kernel/perf_event_paranoid
195 [22933084825280] INFO perfrun.perfcollector <> - checking access to: /opt/intel/oneapi/vtune/2023.1.0/bin64/amplxe-perf-priv
197 [22933084825280] INFO perfrun.perfcollector <> - cpu: family = 6 model = 79
197 [22933084825280] INFO perfrun.perfcollector <> - dir found: /sys/bus/event_source/devices/software
197 [22933084825280] INFO perfrun.perfcollector <> - format: pmu format subdir doesn't exist
197 [22933084825280] INFO perfrun.perfcollector <> - hwInfo: not set, pmuFam: software
197 [22933084825280] INFO perfrun.perfcollector <> - pmu added: family: software, id: 0
197 [22933084825280] INFO perfrun.perfcollector <> - dir found: /sys/bus/event_source/devices/uncore_imc_5
198 [22933084825280] INFO perfrun.perfcollector <> - format: event config:0-7 mask:0-7
198 [22933084825280] INFO perfrun.perfcollector <> - format: edge config:18 mask:18
198 [22933084825280] INFO perfrun.perfcollector <> - format: inv config:23 mask:23
198 [22933084825280] INFO perfrun.perfcollector <> - format: umask config:8-15 mask:8-15
198 [22933084825280] INFO perfrun.perfcollector <> - format: thresh config:24-31 mask:24-31
198 [22933084825280] INFO perfrun.perfcollector <> - hwInfo: PERF_IMC_PMU_DETAILS
198 [22933084825280] INFO perfrun.perfcollector <> - pmu added: family: uncore_imc, id: 5
198 [22933084825280] INFO perfrun.perfcollector <> - dir found: /sys/bus/event_source/devices/uncore_sbox_2
198 [22933084825280] INFO perfrun.perfcollector <> - format: event config:0-7 mask:0-7
198 [22933084825280] INFO perfrun.perfcollector <> - format: edge config:18 mask:18
198 [22933084825280] INFO perfrun.perfcollector <> - format: inv config:23 mask:23
198 [22933084825280] INFO perfrun.perfcollector <> - format: umask config:8-15 mask:8-15
198 [22933084825280] INFO perfrun.perfcollector <> - format: tid_en config:19 mask:19
198 [22933084825280] INFO perfrun.perfcollector <> - format: thresh config:24-31 mask:24-31
198 [22933084825280] INFO perfrun.perfcollector <> - hwInfo: not set, pmuFam: uncore_sbox
198 [22933084825280] INFO perfrun.perfcollector <> - pmu added: family: uncore_sbox, id: 2
198 [22933084825280] INFO perfrun.perfcollector <> - dir found: /sys/bus/event_source/devices/uncore_cbox_8
198 [22933084825280] INFO perfrun.perfcollector <> - format: event config:0-7 mask:0-7
199 [22933084825280] INFO perfrun.perfcollector <> - format: filter_link config1:6-8 mask:6-8
199 [22933084825280] INFO perfrun.perfcollector <> - format: filter_c6 config1:61 mask:61
199 [22933084825280] INFO perfrun.perfcollector <> - format: edge config:18 mask:18
199 [22933084825280] INFO perfrun.perfcollector <> - format: filter_isoc config1:63 mask:63
199 [22933084825280] INFO perfrun.perfcollector <> - format: filter_tid config1:0-5 mask:0-5
199 [22933084825280] INFO perfrun.perfcollector <> - format: filter_nid config1:32-47 mask:32-47
199 [22933084825280] INFO perfrun.perfcollector <> - format: filter_nc config1:62 mask:62
199 [22933084825280] INFO perfrun.perfcollector <> - format: umask config:8-15 mask:8-15
199 [22933084825280] INFO perfrun.perfcollector <> - format: tid_en config:19 mask:19
199 [22933084825280] INFO perfrun.perfcollector <> - format: thresh config:24-31 mask:24-31
199 [22933084825280] INFO perfrun.perfcollector <> - format: filter_state config1:17-23 mask:17-23
199 [22933084825280] INFO perfrun.perfcollector <> - format: filter_opc config1:52-60 mask:52-60
199 [22933084825280] INFO perfrun.perfcollector <> - hwInfo: PERF_CBOX_PMU_DETAILS
199 [22933084825280] INFO perfrun.perfcollector <> - pmu added: family: uncore_cbox, id: 8
199 [22933084825280] INFO perfrun.perfcollector <> - dir found: /sys/bus/event_source/devices/uncore_cbox_13
199 [22933084825280] INFO perfrun.perfcollector <> - format: event config:0-7 mask:0-7
199 [22933084825280] INFO perfrun.perfcollector <> - format: filter_link config1:6-8 mask:6-8
200 [22933084825280] INFO perfrun.perfcollector <> - format: filter_c6 config1:61 mask:61
200 [22933084825280] INFO perfrun.perfcollector <> - format: edge config:18 mask:18
200 [22933084825280] INFO perfrun.perfcollector <> - format: filter_isoc config1:63 mask:63
200 [22933084825280] INFO perfrun.perfcollector <> - format: filter_tid config1:0-5 mask:0-5
200 [22933084825280] INFO perfrun.perfcollector <> - format: filter_nid config1:32-47 mask:32-47
200 [22933084825280] INFO perfrun.perfcollector <> - format: filter_nc config1:62 mask:62
200 [22933084825280] INFO perfrun.perfcollector <> - format: umask config:8-15 mask:8-15
200 [22933084825280] INFO perfrun.perfcollector <> - format: tid_en config:19 mask:19
200 [22933084825280] INFO perfrun.perfcollector <> - format: thresh config:24-31 mask:24-31
200 [22933084825280] INFO perfrun.perfcollector <> - format: filter_state config1:17-23 mask:17-23
200 [22933084825280] INFO perfrun.perfcollector <> - format: filter_opc config1:52-60 mask:52-60
200 [22933084825280] INFO perfrun.perfcollector <> - hwInfo: PERF_CBOX_PMU_DETAILS
200 [22933084825280] INFO perfrun.perfcollector <> - pmu added: family: uncore_cbox, id: 13
200 [22933084825280] INFO perfrun.perfcollector <> - dir found: /sys/bus/event_source/devices/uncore_r2pcie
200 [22933084825280] INFO perfrun.perfcollector <> - format: event config:0-7 mask:0-7
200 [22933084825280] INFO perfrun.perfcollector <> - format: edge config:18 mask:18
200 [22933084825280] INFO perfrun.perfcollector <> - format: inv config:23 mask:23
200 [22933084825280] INFO perfrun.perfcollector <> - format: umask config:8-15 mask:8-15
201 [22933084825280] INFO perfrun.perfcollector <> - format: thresh config:24-31 mask:24-31
201 [22933084825280] INFO perfrun.perfcollector <> - hwInfo: not set, pmuFam: uncore_r2pcie
201 [22933084825280] INFO perfrun.perfcollector <> - pmu added: family: uncore_r2pcie, id: 0
201 [22933084825280] INFO perfrun.perfcollector <> - dir found: /sys/bus/event_source/devices/uncore_sbox_0
201 [22933084825280] INFO perfrun.perfcollector <> - format: event config:0-7 mask:0-7
201 [22933084825280] INFO perfrun.perfcollector <> - format: edge config:18 mask:18
201 [22933084825280] INFO perfrun.perfcollector <> - format: inv config:23 mask:23
201 [22933084825280] INFO perfrun.perfcollector <> - format: umask config:8-15 mask:8-15
201 [22933084825280] INFO perfrun.perfcollector <> - format: tid_en config:19 mask:19
201 [22933084825280] INFO perfrun.perfcollector <> - format: thresh config:24-31 mask:24-31
201 [22933084825280] INFO perfrun.perfcollector <> - hwInfo: not set, pmuFam: uncore_sbox
201 [22933084825280] INFO perfrun.perfcollector <> - pmu added: family: uncore_sbox, id: 0
201 [22933084825280] INFO perfrun.perfcollector <> - dir found: /sys/bus/event_source/devices/uncore_qpi_1
201 [22933084825280] INFO perfrun.perfcollector <> - format: mask_rnid4 config2:31 mask:31
201 [22933084825280] INFO perfrun.perfcollector <> - format: mask_rnid30 config2:32-35 mask:32-35
201 [22933084825280] INFO perfrun.perfcollector <> - format: match_rnid30 config1:32-35 mask:32-35
201 [22933084825280] INFO perfrun.perfcollector <> - format: event config:0-7,21 mask:0-7,21
202 [22933084825280] INFO perfrun.perfcollector <> - format: match0 config1:0-31 mask:0-31
202 [22933084825280] INFO perfrun.perfcollector <> - format: match_rds config1:48-51 mask:48-51
202 [22933084825280] INFO perfrun.perfcollector <> - format: mask_rds config2:48-51 mask:48-51
202 [22933084825280] INFO perfrun.perfcollector <> - format: edge config:18 mask:18
202 [22933084825280] INFO perfrun.perfcollector <> - format: mask1 config2:32-63 mask:32-63
202 [22933084825280] INFO perfrun.perfcollector <> - format: match_dnid config1:13-17 mask:13-17
202 [22933084825280] INFO perfrun.perfcollector <> - format: mask_dnid config2:13-17 mask:13-17
202 [22933084825280] INFO perfrun.perfcollector <> - format: match_vnw config1:3-4 mask:3-4
202 [22933084825280] INFO perfrun.perfcollector <> - format: mask_vnw config2:3-4 mask:3-4
202 [22933084825280] INFO perfrun.perfcollector <> - format: mask_mc config2:9-12 mask:9-12
202 [22933084825280] INFO perfrun.perfcollector <> - format: match1 config1:32-63 mask:32-63
202 [22933084825280] INFO perfrun.perfcollector <> - format: inv config:23 mask:23
202 [22933084825280] INFO perfrun.perfcollector <> - format: umask config:8-15 mask:8-15
202 [22933084825280] INFO perfrun.perfcollector <> - format: match_opc config1:5-8 mask:5-8
202 [22933084825280] INFO perfrun.perfcollector <> - format: mask_opc config2:5-8 mask:5-8
202 [22933084825280] INFO perfrun.perfcollector <> - format: thresh config:24-31 mask:24-31
202 [22933084825280] INFO perfrun.perfcollector <> - format: match_rnid4 config1:31 mask:31
202 [22933084825280] INFO perfrun.perfcollector <> - format: mask0 config2:0-31 mask:0-31
202 [22933084825280] INFO perfrun.perfcollector <> - format: match_mc config1:9-12 mask:9-12
203 [22933084825280] INFO perfrun.perfcollector <> - hwInfo: PERF_QPI_PMU_DETAILS
203 [22933084825280] INFO perfrun.perfcollector <> - pmu added: family: uncore_qpi, id: 1
203 [22933084825280] INFO perfrun.perfcollector <> - dir found: /sys/bus/event_source/devices/uncore_cbox_6
203 [22933084825280] INFO perfrun.perfcollector <> - format: event config:0-7 mask:0-7
203 [22933084825280] INFO perfrun.perfcollector <> - format: filter_link config1:6-8 mask:6-8
203 [22933084825280] INFO perfrun.perfcollector <> - format: filter_c6 config1:61 mask:61
203 [22933084825280] INFO perfrun.perfcollector <> - format: edge config:18 mask:18
203 [22933084825280] INFO perfrun.perfcollector <> - format: filter_isoc config1:63 mask:63
203 [22933084825280] INFO perfrun.perfcollector <> - format: filter_tid config1:0-5 mask:0-5
203 [22933084825280] INFO perfrun.perfcollector <> - format: filter_nid config1:32-47 mask:32-47
203 [22933084825280] INFO perfrun.perfcollector <> - format: filter_nc config1:62 mask:62
203 [22933084825280] INFO perfrun.perfcollector <> - format: umask config:8-15 mask:8-15
203 [22933084825280] INFO perfrun.perfcollector <> - format: tid_en config:19 mask:19
203 [22933084825280] INFO perfrun.perfcollector <> - format: thresh config:24-31 mask:24-31
203 [22933084825280] INFO perfrun.perfcollector <> - format: filter_state config1:17-23 mask:17-23
203 [22933084825280] INFO perfrun.perfcollector <> - format: filter_opc config1:52-60 mask:52-60
203 [22933084825280] INFO perfrun.perfcollector <> - hwInfo: PERF_CBOX_PMU_DETAILS
204 [22933084825280] INFO perfrun.perfcollector <> - pmu added: family: uncore_cbox, id: 6
204 [22933084825280] INFO perfrun.perfcollector <> - dir found: /sys/bus/event_source/devices/uncore_imc_1
204 [22933084825280] INFO perfrun.perfcollector <> - format: event config:0-7 mask:0-7
204 [22933084825280] INFO perfrun.perfcollector <> - format: edge config:18 mask:18
204 [22933084825280] INFO perfrun.perfcollector <> - format: inv config:23 mask:23
204 [22933084825280] INFO perfrun.perfcollector <> - format: umask config:8-15 mask:8-15
204 [22933084825280] INFO perfrun.perfcollector <> - format: thresh config:24-31 mask:24-31
204 [22933084825280] INFO perfrun.perfcollector <> - hwInfo: PERF_IMC_PMU_DETAILS
204 [22933084825280] INFO perfrun.perfcollector <> - pmu added: family: uncore_imc, id: 1
204 [22933084825280] INFO perfrun.perfcollector <> - dir found: /sys/bus/event_source/devices/power
204 [22933084825280] INFO perfrun.perfcollector <> - format: event config:0-7 mask:0-7
204 [22933084825280] INFO perfrun.perfcollector <> - hwInfo: not set, pmuFam: power
204 [22933084825280] INFO perfrun.perfcollector <> - pmu added: family: power, id: 0
204 [22933084825280] INFO perfrun.perfcollector <> - dir found: /sys/bus/event_source/devices/uncore_cbox_11
204 [22933084825280] INFO perfrun.perfcollector <> - format: event config:0-7 mask:0-7
204 [22933084825280] INFO perfrun.perfcollector <> - format: filter_link config1:6-8 mask:6-8
204 [22933084825280] INFO perfrun.perfcollector <> - format: filter_c6 config1:61 mask:61
205 [22933084825280] INFO perfrun.perfcollector <> - format: edge config:18 mask:18
205 [22933084825280] INFO perfrun.perfcollector <> - format: filter_isoc config1:63 mask:63
205 [22933084825280] INFO perfrun.perfcollector <> - format: filter_tid config1:0-5 mask:0-5
205 [22933084825280] INFO perfrun.perfcollector <> - format: filter_nid config1:32-47 mask:32-47
205 [22933084825280] INFO perfrun.perfcollector <> - format: filter_nc config1:62 mask:62
205 [22933084825280] INFO perfrun.perfcollector <> - format: umask config:8-15 mask:8-15
205 [22933084825280] INFO perfrun.perfcollector <> - format: tid_en config:19 mask:19
205 [22933084825280] INFO perfrun.perfcollector <> - format: thresh config:24-31 mask:24-31
205 [22933084825280] INFO perfrun.perfcollector <> - format: filter_state config1:17-23 mask:17-23
205 [22933084825280] INFO perfrun.perfcollector <> - format: filter_opc config1:52-60 mask:52-60
205 [22933084825280] INFO perfrun.perfcollector <> - hwInfo: PERF_CBOX_PMU_DETAILS
205 [22933084825280] INFO perfrun.perfcollector <> - pmu added: family: uncore_cbox, id: 11
205 [22933084825280] INFO perfrun.perfcollector <> - dir found: /sys/bus/event_source/devices/uncore_cbox_4
205 [22933084825280] INFO perfrun.perfcollector <> - format: event config:0-7 mask:0-7
205 [22933084825280] INFO perfrun.perfcollector <> - format: filter_link config1:6-8 mask:6-8
205 [22933084825280] INFO perfrun.perfcollector <> - format: filter_c6 config1:61 mask:61
205 [22933084825280] INFO perfrun.perfcollector <> - format: edge config:18 mask:18
205 [22933084825280] INFO perfrun.perfcollector <> - format: filter_isoc config1:63 mask:63
206 [22933084825280] INFO perfrun.perfcollector <> - format: filter_tid config1:0-5 mask:0-5
206 [22933084825280] INFO perfrun.perfcollector <> - format: filter_nid config1:32-47 mask:32-47
206 [22933084825280] INFO perfrun.perfcollector <> - format: filter_nc config1:62 mask:62
206 [22933084825280] INFO perfrun.perfcollector <> - format: umask config:8-15 mask:8-15
206 [22933084825280] INFO perfrun.perfcollector <> - format: tid_en config:19 mask:19
206 [22933084825280] INFO perfrun.perfcollector <> - format: thresh config:24-31 mask:24-31
206 [22933084825280] INFO perfrun.perfcollector <> - format: filter_state config1:17-23 mask:17-23
206 [22933084825280] INFO perfrun.perfcollector <> - format: filter_opc config1:52-60 mask:52-60
206 [22933084825280] INFO perfrun.perfcollector <> - hwInfo: PERF_CBOX_PMU_DETAILS
206 [22933084825280] INFO perfrun.perfcollector <> - pmu added: family: uncore_cbox, id: 4
206 [22933084825280] INFO perfrun.perfcollector <> - dir found: /sys/bus/event_source/devices/uprobe
206 [22933084825280] INFO perfrun.perfcollector <> - format: ref_ctr_offset config:32-63 mask:32-63
206 [22933084825280] INFO perfrun.perfcollector <> - format: retprobe config:0 mask:0
206 [22933084825280] INFO perfrun.perfcollector <> - hwInfo: not set, pmuFam: uprobe
206 [22933084825280] INFO perfrun.perfcollector <> - pmu added: family: uprobe, id: 0
206 [22933084825280] INFO perfrun.perfcollector <> - dir found: /sys/bus/event_source/devices/intel_bts
206 [22933084825280] INFO perfrun.perfcollector <> - format: pmu format subdir doesn't exist
206 [22933084825280] INFO perfrun.perfcollector <> - hwInfo: not set, pmuFam: intel_bts
206 [22933084825280] INFO perfrun.perfcollector <> - pmu added: family: intel_bts, id: 0
206 [22933084825280] INFO perfrun.perfcollector <> - dir found: /sys/bus/event_source/devices/cpu
206 [22933084825280] INFO perfrun.perfcollector <> - format: event config:0-7 mask:0-7
207 [22933084825280] INFO perfrun.perfcollector <> - format: pc config:19 mask:19
207 [22933084825280] INFO perfrun.perfcollector <> - format: in_tx config:32 mask:32
207 [22933084825280] INFO perfrun.perfcollector <> - format: edge config:18 mask:18
207 [22933084825280] INFO perfrun.perfcollector <> - format: any config:21 mask:21
207 [22933084825280] INFO perfrun.perfcollector <> - format: offcore_rsp config1:0-63 mask:0-63
207 [22933084825280] INFO perfrun.perfcollector <> - format: in_tx_cp config:33 mask:33
207 [22933084825280] INFO perfrun.perfcollector <> - format: ldlat config1:0-15 mask:0-15
207 [22933084825280] INFO perfrun.perfcollector <> - format: inv config:23 mask:23
207 [22933084825280] INFO perfrun.perfcollector <> - format: umask config:8-15 mask:8-15
207 [22933084825280] INFO perfrun.perfcollector <> - format: cmask config:24-31 mask:24-31
207 [22933084825280] INFO perfrun.perfcollector <> - hwInfo: PERF_CPU_PMU_DETAILS
207 [22933084825280] INFO perfrun.perfcollector <> - pmu added: family: cpu, id: 0
207 [22933084825280] INFO perfrun.perfcollector <> - dir found: /sys/bus/event_source/devices/uncore_r3qpi_0
207 [22933084825280] INFO perfrun.perfcollector <> - format: event config:0-7 mask:0-7
207 [22933084825280] INFO perfrun.perfcollector <> - format: edge config:18 mask:18
207 [22933084825280] INFO perfrun.perfcollector <> - format: inv config:23 mask:23
207 [22933084825280] INFO perfrun.perfcollector <> - format: umask config:8-15 mask:8-15
207 [22933084825280] INFO perfrun.perfcollector <> - format: thresh config:24-31 mask:24-31
207 [22933084825280] INFO perfrun.perfcollector <> - hwInfo: not set, pmuFam: uncore_r3qpi
208 [22933084825280] INFO perfrun.perfcollector <> - pmu added: family: uncore_r3qpi, id: 0
208 [22933084825280] INFO perfrun.perfcollector <> - dir found: /sys/bus/event_source/devices/cstate_core
208 [22933084825280] INFO perfrun.perfcollector <> - format: event config:0-63 mask:0-63
208 [22933084825280] INFO perfrun.perfcollector <> - hwInfo: not set, pmuFam: cstate_core
208 [22933084825280] INFO perfrun.perfcollector <> - pmu added: family: cstate_core, id: 0
208 [22933084825280] INFO perfrun.perfcollector <> - dir found: /sys/bus/event_source/devices/uncore_cbox_2
208 [22933084825280] INFO perfrun.perfcollector <> - format: event config:0-7 mask:0-7
208 [22933084825280] INFO perfrun.perfcollector <> - format: filter_link config1:6-8 mask:6-8
208 [22933084825280] INFO perfrun.perfcollector <> - format: filter_c6 config1:61 mask:61
208 [22933084825280] INFO perfrun.perfcollector <> - format: edge config:18 mask:18
208 [22933084825280] INFO perfrun.perfcollector <> - format: filter_isoc config1:63 mask:63
208 [22933084825280] INFO perfrun.perfcollector <> - format: filter_tid config1:0-5 mask:0-5
208 [22933084825280] INFO perfrun.perfcollector <> - format: filter_nid config1:32-47 mask:32-47
208 [22933084825280] INFO perfrun.perfcollector <> - format: filter_nc config1:62 mask:62
208 [22933084825280] INFO perfrun.perfcollector <> - format: umask config:8-15 mask:8-15
208 [22933084825280] INFO perfrun.perfcollector <> - format: tid_en config:19 mask:19
208 [22933084825280] INFO perfrun.perfcollector <> - format: thresh config:24-31 mask:24-31
208 [22933084825280] INFO perfrun.perfcollector <> - format: filter_state config1:17-23 mask:17-23
209 [22933084825280] INFO perfrun.perfcollector <> - format: filter_opc config1:52-60 mask:52-60
209 [22933084825280] INFO perfrun.perfcollector <> - hwInfo: PERF_CBOX_PMU_DETAILS
209 [22933084825280] INFO perfrun.perfcollector <> - pmu added: family: uncore_cbox, id: 2
209 [22933084825280] INFO perfrun.perfcollector <> - dir found: /sys/bus/event_source/devices/breakpoint
209 [22933084825280] INFO perfrun.perfcollector <> - format: pmu format subdir doesn't exist
209 [22933084825280] INFO perfrun.perfcollector <> - hwInfo: not set, pmuFam: breakpoint
209 [22933084825280] INFO perfrun.perfcollector <> - pmu added: family: breakpoint, id: 0
209 [22933084825280] INFO perfrun.perfcollector <> - dir found: /sys/bus/event_source/devices/uncore_ha_0
209 [22933084825280] INFO perfrun.perfcollector <> - format: event config:0-7 mask:0-7
209 [22933084825280] INFO perfrun.perfcollector <> - format: edge config:18 mask:18
209 [22933084825280] INFO perfrun.perfcollector <> - format: inv config:23 mask:23
209 [22933084825280] INFO perfrun.perfcollector <> - format: umask config:8-15 mask:8-15
209 [22933084825280] INFO perfrun.perfcollector <> - format: thresh config:24-31 mask:24-31
209 [22933084825280] INFO perfrun.perfcollector <> - hwInfo: not set, pmuFam: uncore_ha
209 [22933084825280] INFO perfrun.perfcollector <> - pmu added: family: uncore_ha, id: 0
209 [22933084825280] INFO perfrun.perfcollector <> - dir found: /sys/bus/event_source/devices/uncore_cbox_0
209 [22933084825280] INFO perfrun.perfcollector <> - format: event config:0-7 mask:0-7
209 [22933084825280] INFO perfrun.perfcollector <> - format: filter_link config1:6-8 mask:6-8
209 [22933084825280] INFO perfrun.perfcollector <> - format: filter_c6 config1:61 mask:61
209 [22933084825280] INFO perfrun.perfcollector <> - format: edge config:18 mask:18
210 [22933084825280] INFO perfrun.perfcollector <> - format: filter_isoc config1:63 mask:63
210 [22933084825280] INFO perfrun.perfcollector <> - format: filter_tid config1:0-5 mask:0-5
210 [22933084825280] INFO perfrun.perfcollector <> - format: filter_nid config1:32-47 mask:32-47
210 [22933084825280] INFO perfrun.perfcollector <> - format: filter_nc config1:62 mask:62
210 [22933084825280] INFO perfrun.perfcollector <> - format: umask config:8-15 mask:8-15
210 [22933084825280] INFO perfrun.perfcollector <> - format: tid_en config:19 mask:19
210 [22933084825280] INFO perfrun.perfcollector <> - format: thresh config:24-31 mask:24-31
210 [22933084825280] INFO perfrun.perfcollector <> - format: filter_state config1:17-23 mask:17-23
210 [22933084825280] INFO perfrun.perfcollector <> - format: filter_opc config1:52-60 mask:52-60
210 [22933084825280] INFO perfrun.perfcollector <> - hwInfo: PERF_CBOX_PMU_DETAILS
210 [22933084825280] INFO perfrun.perfcollector <> - pmu added: family: uncore_cbox, id: 0
210 [22933084825280] INFO perfrun.perfcollector <> - dir found: /sys/bus/event_source/devices/tracepoint
210 [22933084825280] INFO perfrun.perfcollector <> - format: pmu format subdir doesn't exist
210 [22933084825280] INFO perfrun.perfcollector <> - hwInfo: not set, pmuFam: tracepoint
210 [22933084825280] INFO perfrun.perfcollector <> - pmu added: family: tracepoint, id: 0
210 [22933084825280] INFO perfrun.perfcollector <> - dir found: /sys/bus/event_source/devices/uncore_sbox_3
210 [22933084825280] INFO perfrun.perfcollector <> - format: event config:0-7 mask:0-7
210 [22933084825280] INFO perfrun.perfcollector <> - format: edge config:18 mask:18
210 [22933084825280] INFO perfrun.perfcollector <> - format: inv config:23 mask:23
210 [22933084825280] INFO perfrun.perfcollector <> - format: umask config:8-15 mask:8-15
211 [22933084825280] INFO perfrun.perfcollector <> - format: tid_en config:19 mask:19
211 [22933084825280] INFO perfrun.perfcollector <> - format: thresh config:24-31 mask:24-31
211 [22933084825280] INFO perfrun.perfcollector <> - hwInfo: not set, pmuFam: uncore_sbox
211 [22933084825280] INFO perfrun.perfcollector <> - pmu added: family: uncore_sbox, id: 3
211 [22933084825280] INFO perfrun.perfcollector <> - dir found: /sys/bus/event_source/devices/uncore_cbox_9
211 [22933084825280] INFO perfrun.perfcollector <> - format: event config:0-7 mask:0-7
211 [22933084825280] INFO perfrun.perfcollector <> - format: filter_link config1:6-8 mask:6-8
211 [22933084825280] INFO perfrun.perfcollector <> - format: filter_c6 config1:61 mask:61
211 [22933084825280] INFO perfrun.perfcollector <> - format: edge config:18 mask:18
211 [22933084825280] INFO perfrun.perfcollector <> - format: filter_isoc config1:63 mask:63
211 [22933084825280] INFO perfrun.perfcollector <> - format: filter_tid config1:0-5 mask:0-5
211 [22933084825280] INFO perfrun.perfcollector <> - format: filter_nid config1:32-47 mask:32-47
211 [22933084825280] INFO perfrun.perfcollector <> - format: filter_nc config1:62 mask:62
211 [22933084825280] INFO perfrun.perfcollector <> - format: umask config:8-15 mask:8-15
211 [22933084825280] INFO perfrun.perfcollector <> - format: tid_en config:19 mask:19
211 [22933084825280] INFO perfrun.perfcollector <> - format: thresh config:24-31 mask:24-31
211 [22933084825280] INFO perfrun.perfcollector <> - format: filter_state config1:17-23 mask:17-23
211 [22933084825280] INFO perfrun.perfcollector <> - format: filter_opc config1:52-60 mask:52-60
211 [22933084825280] INFO perfrun.perfcollector <> - hwInfo: PERF_CBOX_PMU_DETAILS
212 [22933084825280] INFO perfrun.perfcollector <> - pmu added: family: uncore_cbox, id: 9
212 [22933084825280] INFO perfrun.perfcollector <> - dir found: /sys/bus/event_source/devices/cstate_pkg
212 [22933084825280] INFO perfrun.perfcollector <> - format: event config:0-63 mask:0-63
212 [22933084825280] INFO perfrun.perfcollector <> - hwInfo: not set, pmuFam: cstate_pkg
212 [22933084825280] INFO perfrun.perfcollector <> - pmu added: family: cstate_pkg, id: 0
212 [22933084825280] INFO perfrun.perfcollector <> - dir found: /sys/bus/event_source/devices/uncore_imc_4
212 [22933084825280] INFO perfrun.perfcollector <> - format: event config:0-7 mask:0-7
212 [22933084825280] INFO perfrun.perfcollector <> - format: edge config:18 mask:18
212 [22933084825280] INFO perfrun.perfcollector <> - format: inv config:23 mask:23
212 [22933084825280] INFO perfrun.perfcollector <> - format: umask config:8-15 mask:8-15
212 [22933084825280] INFO perfrun.perfcollector <> - format: thresh config:24-31 mask:24-31
212 [22933084825280] INFO perfrun.perfcollector <> - hwInfo: PERF_IMC_PMU_DETAILS
212 [22933084825280] INFO perfrun.perfcollector <> - pmu added: family: uncore_imc, id: 4
212 [22933084825280] INFO perfrun.perfcollector <> - dir found: /sys/bus/event_source/devices/uncore_ubox
212 [22933084825280] INFO perfrun.perfcollector <> - format: event config:0-7 mask:0-7
212 [22933084825280] INFO perfrun.perfcollector <> - format: edge config:18 mask:18
212 [22933084825280] INFO perfrun.perfcollector <> - format: inv config:23 mask:23
212 [22933084825280] INFO perfrun.perfcollector <> - format: umask config:8-15 mask:8-15
212 [22933084825280] INFO perfrun.perfcollector <> - format: thresh config:24-28 mask:24-28
212 [22933084825280] INFO perfrun.perfcollector <> - hwInfo: not set, pmuFam: uncore_ubox
213 [22933084825280] INFO perfrun.perfcollector <> - pmu added: family: uncore_ubox, id: 0
213 [22933084825280] INFO perfrun.perfcollector <> - dir found: /sys/bus/event_source/devices/uncore_sbox_1
213 [22933084825280] INFO perfrun.perfcollector <> - format: event config:0-7 mask:0-7
213 [22933084825280] INFO perfrun.perfcollector <> - format: edge config:18 mask:18
213 [22933084825280] INFO perfrun.perfcollector <> - format: inv config:23 mask:23
213 [22933084825280] INFO perfrun.perfcollector <> - format: umask config:8-15 mask:8-15
213 [22933084825280] INFO perfrun.perfcollector <> - format: tid_en config:19 mask:19
213 [22933084825280] INFO perfrun.perfcollector <> - format: thresh config:24-31 mask:24-31
213 [22933084825280] INFO perfrun.perfcollector <> - hwInfo: not set, pmuFam: uncore_sbox
213 [22933084825280] INFO perfrun.perfcollector <> - pmu added: family: uncore_sbox, id: 1
213 [22933084825280] INFO perfrun.perfcollector <> - dir found: /sys/bus/event_source/devices/uncore_cbox_7
213 [22933084825280] INFO perfrun.perfcollector <> - format: event config:0-7 mask:0-7
213 [22933084825280] INFO perfrun.perfcollector <> - format: filter_link config1:6-8 mask:6-8
213 [22933084825280] INFO perfrun.perfcollector <> - format: filter_c6 config1:61 mask:61
213 [22933084825280] INFO perfrun.perfcollector <> - format: edge config:18 mask:18
213 [22933084825280] INFO perfrun.perfcollector <> - format: filter_isoc config1:63 mask:63
213 [22933084825280] INFO perfrun.perfcollector <> - format: filter_tid config1:0-5 mask:0-5
214 [22933084825280] INFO perfrun.perfcollector <> - format: filter_nid config1:32-47 mask:32-47
214 [22933084825280] INFO perfrun.perfcollector <> - format: filter_nc config1:62 mask:62
214 [22933084825280] INFO perfrun.perfcollector <> - format: umask config:8-15 mask:8-15
214 [22933084825280] INFO perfrun.perfcollector <> - format: tid_en config:19 mask:19
214 [22933084825280] INFO perfrun.perfcollector <> - format: thresh config:24-31 mask:24-31
214 [22933084825280] INFO perfrun.perfcollector <> - format: filter_state config1:17-23 mask:17-23
214 [22933084825280] INFO perfrun.perfcollector <> - format: filter_opc config1:52-60 mask:52-60
214 [22933084825280] INFO perfrun.perfcollector <> - hwInfo: PERF_CBOX_PMU_DETAILS
214 [22933084825280] INFO perfrun.perfcollector <> - pmu added: family: uncore_cbox, id: 7
214 [22933084825280] INFO perfrun.perfcollector <> - dir found: /sys/bus/event_source/devices/uncore_cbox_12
214 [22933084825280] INFO perfrun.perfcollector <> - format: event config:0-7 mask:0-7
214 [22933084825280] INFO perfrun.perfcollector <> - format: filter_link config1:6-8 mask:6-8
214 [22933084825280] INFO perfrun.perfcollector <> - format: filter_c6 config1:61 mask:61
214 [22933084825280] INFO perfrun.perfcollector <> - format: edge config:18 mask:18
214 [22933084825280] INFO perfrun.perfcollector <> - format: filter_isoc config1:63 mask:63
214 [22933084825280] INFO perfrun.perfcollector <> - format: filter_tid config1:0-5 mask:0-5
214 [22933084825280] INFO perfrun.perfcollector <> - format: filter_nid config1:32-47 mask:32-47
214 [22933084825280] INFO perfrun.perfcollector <> - format: filter_nc config1:62 mask:62
215 [22933084825280] INFO perfrun.perfcollector <> - format: umask config:8-15 mask:8-15
215 [22933084825280] INFO perfrun.perfcollector <> - format: tid_en config:19 mask:19
215 [22933084825280] INFO perfrun.perfcollector <> - format: thresh config:24-31 mask:24-31
215 [22933084825280] INFO perfrun.perfcollector <> - format: filter_state config1:17-23 mask:17-23
215 [22933084825280] INFO perfrun.perfcollector <> - format: filter_opc config1:52-60 mask:52-60
215 [22933084825280] INFO perfrun.perfcollector <> - hwInfo: PERF_CBOX_PMU_DETAILS
215 [22933084825280] INFO perfrun.perfcollector <> - pmu added: family: uncore_cbox, id: 12
215 [22933084825280] INFO perfrun.perfcollector <> - dir found: /sys/bus/event_source/devices/kprobe
215 [22933084825280] INFO perfrun.perfcollector <> - format: retprobe config:0 mask:0
215 [22933084825280] INFO perfrun.perfcollector <> - hwInfo: not set, pmuFam: kprobe
215 [22933084825280] INFO perfrun.perfcollector <> - pmu added: family: kprobe, id: 0
215 [22933084825280] INFO perfrun.perfcollector <> - dir found: /sys/bus/event_source/devices/uncore_qpi_0
215 [22933084825280] INFO perfrun.perfcollector <> - format: mask_rnid4 config2:31 mask:31
215 [22933084825280] INFO perfrun.perfcollector <> - format: mask_rnid30 config2:32-35 mask:32-35
215 [22933084825280] INFO perfrun.perfcollector <> - format: match_rnid30 config1:32-35 mask:32-35
215 [22933084825280] INFO perfrun.perfcollector <> - format: event config:0-7,21 mask:0-7,21
215 [22933084825280] INFO perfrun.perfcollector <> - format: match0 config1:0-31 mask:0-31
215 [22933084825280] INFO perfrun.perfcollector <> - format: match_rds config1:48-51 mask:48-51
216 [22933084825280] INFO perfrun.perfcollector <> - format: mask_rds config2:48-51 mask:48-51
216 [22933084825280] INFO perfrun.perfcollector <> - format: edge config:18 mask:18
216 [22933084825280] INFO perfrun.perfcollector <> - format: mask1 config2:32-63 mask:32-63
216 [22933084825280] INFO perfrun.perfcollector <> - format: match_dnid config1:13-17 mask:13-17
216 [22933084825280] INFO perfrun.perfcollector <> - format: mask_dnid config2:13-17 mask:13-17
216 [22933084825280] INFO perfrun.perfcollector <> - format: match_vnw config1:3-4 mask:3-4
216 [22933084825280] INFO perfrun.perfcollector <> - format: mask_vnw config2:3-4 mask:3-4
216 [22933084825280] INFO perfrun.perfcollector <> - format: mask_mc config2:9-12 mask:9-12
216 [22933084825280] INFO perfrun.perfcollector <> - format: match1 config1:32-63 mask:32-63
216 [22933084825280] INFO perfrun.perfcollector <> - format: inv config:23 mask:23
216 [22933084825280] INFO perfrun.perfcollector <> - format: umask config:8-15 mask:8-15
216 [22933084825280] INFO perfrun.perfcollector <> - format: match_opc config1:5-8 mask:5-8
216 [22933084825280] INFO perfrun.perfcollector <> - format: mask_opc config2:5-8 mask:5-8
216 [22933084825280] INFO perfrun.perfcollector <> - format: thresh config:24-31 mask:24-31
216 [22933084825280] INFO perfrun.perfcollector <> - format: match_rnid4 config1:31 mask:31
216 [22933084825280] INFO perfrun.perfcollector <> - format: mask0 config2:0-31 mask:0-31
216 [22933084825280] INFO perfrun.perfcollector <> - format: match_mc config1:9-12 mask:9-12
216 [22933084825280] INFO perfrun.perfcollector <> - hwInfo: PERF_QPI_PMU_DETAILS
217 [22933084825280] INFO perfrun.perfcollector <> - pmu added: family: uncore_qpi, id: 0
217 [22933084825280] INFO perfrun.perfcollector <> - dir found: /sys/bus/event_source/devices/uncore_cbox_5
217 [22933084825280] INFO perfrun.perfcollector <> - format: event config:0-7 mask:0-7
217 [22933084825280] INFO perfrun.perfcollector <> - format: filter_link config1:6-8 mask:6-8
217 [22933084825280] INFO perfrun.perfcollector <> - format: filter_c6 config1:61 mask:61
217 [22933084825280] INFO perfrun.perfcollector <> - format: edge config:18 mask:18
217 [22933084825280] INFO perfrun.perfcollector <> - format: filter_isoc config1:63 mask:63
217 [22933084825280] INFO perfrun.perfcollector <> - format: filter_tid config1:0-5 mask:0-5
217 [22933084825280] INFO perfrun.perfcollector <> - format: filter_nid config1:32-47 mask:32-47
217 [22933084825280] INFO perfrun.perfcollector <> - format: filter_nc config1:62 mask:62
217 [22933084825280] INFO perfrun.perfcollector <> - format: umask config:8-15 mask:8-15
217 [22933084825280] INFO perfrun.perfcollector <> - format: tid_en config:19 mask:19
217 [22933084825280] INFO perfrun.perfcollector <> - format: thresh config:24-31 mask:24-31
217 [22933084825280] INFO perfrun.perfcollector <> - format: filter_state config1:17-23 mask:17-23
217 [22933084825280] INFO perfrun.perfcollector <> - format: filter_opc config1:52-60 mask:52-60
217 [22933084825280] INFO perfrun.perfcollector <> - hwInfo: PERF_CBOX_PMU_DETAILS
218 [22933084825280] INFO perfrun.perfcollector <> - pmu added: family: uncore_cbox, id: 5
218 [22933084825280] INFO perfrun.perfcollector <> - dir found: /sys/bus/event_source/devices/uncore_imc_0
218 [22933084825280] INFO perfrun.perfcollector <> - format: event config:0-7 mask:0-7
218 [22933084825280] INFO perfrun.perfcollector <> - format: edge config:18 mask:18
218 [22933084825280] INFO perfrun.perfcollector <> - format: inv config:23 mask:23
218 [22933084825280] INFO perfrun.perfcollector <> - format: umask config:8-15 mask:8-15
218 [22933084825280] INFO perfrun.perfcollector <> - format: thresh config:24-31 mask:24-31
218 [22933084825280] INFO perfrun.perfcollector <> - hwInfo: PERF_IMC_PMU_DETAILS
218 [22933084825280] INFO perfrun.perfcollector <> - pmu added: family: uncore_imc, id: 0
218 [22933084825280] INFO perfrun.perfcollector <> - dir found: /sys/bus/event_source/devices/uncore_cbox_10
218 [22933084825280] INFO perfrun.perfcollector <> - format: event config:0-7 mask:0-7
218 [22933084825280] INFO perfrun.perfcollector <> - format: filter_link config1:6-8 mask:6-8
218 [22933084825280] INFO perfrun.perfcollector <> - format: filter_c6 config1:61 mask:61
218 [22933084825280] INFO perfrun.perfcollector <> - format: edge config:18 mask:18
218 [22933084825280] INFO perfrun.perfcollector <> - format: filter_isoc config1:63 mask:63
218 [22933084825280] INFO perfrun.perfcollector <> - format: filter_tid config1:0-5 mask:0-5
218 [22933084825280] INFO perfrun.perfcollector <> - format: filter_nid config1:32-47 mask:32-47
219 [22933084825280] INFO perfrun.perfcollector <> - format: filter_nc config1:62 mask:62
219 [22933084825280] INFO perfrun.perfcollector <> - format: umask config:8-15 mask:8-15
219 [22933084825280] INFO perfrun.perfcollector <> - format: tid_en config:19 mask:19
219 [22933084825280] INFO perfrun.perfcollector <> - format: thresh config:24-31 mask:24-31
219 [22933084825280] INFO perfrun.perfcollector <> - format: filter_state config1:17-23 mask:17-23
219 [22933084825280] INFO perfrun.perfcollector <> - format: filter_opc config1:52-60 mask:52-60
219 [22933084825280] INFO perfrun.perfcollector <> - hwInfo: PERF_CBOX_PMU_DETAILS
219 [22933084825280] INFO perfrun.perfcollector <> - pmu added: family: uncore_cbox, id: 10
219 [22933084825280] INFO perfrun.perfcollector <> - dir found: /sys/bus/event_source/devices/uncore_pcu
219 [22933084825280] INFO perfrun.perfcollector <> - format: filter_band2 config1:16-23 mask:16-23
219 [22933084825280] INFO perfrun.perfcollector <> - format: event config:0-7 mask:0-7
219 [22933084825280] INFO perfrun.perfcollector <> - format: filter_band0 config1:0-7 mask:0-7
219 [22933084825280] INFO perfrun.perfcollector <> - format: edge config:18 mask:18
219 [22933084825280] INFO perfrun.perfcollector <> - format: occ_invert config:30 mask:30
219 [22933084825280] INFO perfrun.perfcollector <> - format: occ_edge config:14-51 mask:14-51
219 [22933084825280] INFO perfrun.perfcollector <> - format: filter_band3 config1:24-31 mask:24-31
219 [22933084825280] INFO perfrun.perfcollector <> - format: filter_band1 config1:8-15 mask:8-15
220 [22933084825280] INFO perfrun.perfcollector <> - format: inv config:23 mask:23
220 [22933084825280] INFO perfrun.perfcollector <> - format: thresh config:24-28 mask:24-28
220 [22933084825280] INFO perfrun.perfcollector <> - format: occ_sel config:14-15 mask:14-15
220 [22933084825280] INFO perfrun.perfcollector <> - hwInfo: not set, pmuFam: uncore_pcu
220 [22933084825280] INFO perfrun.perfcollector <> - pmu added: family: uncore_pcu, id: 0
220 [22933084825280] INFO perfrun.perfcollector <> - dir found: /sys/bus/event_source/devices/uncore_r3qpi_1
220 [22933084825280] INFO perfrun.perfcollector <> - format: event config:0-7 mask:0-7
220 [22933084825280] INFO perfrun.perfcollector <> - format: edge config:18 mask:18
220 [22933084825280] INFO perfrun.perfcollector <> - format: inv config:23 mask:23
220 [22933084825280] INFO perfrun.perfcollector <> - format: umask config:8-15 mask:8-15
220 [22933084825280] INFO perfrun.perfcollector <> - format: thresh config:24-31 mask:24-31
220 [22933084825280] INFO perfrun.perfcollector <> - hwInfo: not set, pmuFam: uncore_r3qpi
220 [22933084825280] INFO perfrun.perfcollector <> - pmu added: family: uncore_r3qpi, id: 1
220 [22933084825280] INFO perfrun.perfcollector <> - dir found: /sys/bus/event_source/devices/msr
220 [22933084825280] INFO perfrun.perfcollector <> - format: event config:0-63 mask:0-63
220 [22933084825280] INFO perfrun.perfcollector <> - hwInfo: not set, pmuFam: msr
220 [22933084825280] INFO perfrun.perfcollector <> - pmu added: family: msr, id: 0
220 [22933084825280] INFO perfrun.perfcollector <> - dir found: /sys/bus/event_source/devices/uncore_cbox_3
220 [22933084825280] INFO perfrun.perfcollector <> - format: event config:0-7 mask:0-7
220 [22933084825280] INFO perfrun.perfcollector <> - format: filter_link config1:6-8 mask:6-8
221 [22933084825280] INFO perfrun.perfcollector <> - format: filter_c6 config1:61 mask:61
221 [22933084825280] INFO perfrun.perfcollector <> - format: edge config:18 mask:18
221 [22933084825280] INFO perfrun.perfcollector <> - format: filter_isoc config1:63 mask:63
221 [22933084825280] INFO perfrun.perfcollector <> - format: filter_tid config1:0-5 mask:0-5
221 [22933084825280] INFO perfrun.perfcollector <> - format: filter_nid config1:32-47 mask:32-47
221 [22933084825280] INFO perfrun.perfcollector <> - format: filter_nc config1:62 mask:62
221 [22933084825280] INFO perfrun.perfcollector <> - format: umask config:8-15 mask:8-15
221 [22933084825280] INFO perfrun.perfcollector <> - format: tid_en config:19 mask:19
221 [22933084825280] INFO perfrun.perfcollector <> - format: thresh config:24-31 mask:24-31
221 [22933084825280] INFO perfrun.perfcollector <> - format: filter_state config1:17-23 mask:17-23
221 [22933084825280] INFO perfrun.perfcollector <> - format: filter_opc config1:52-60 mask:52-60
221 [22933084825280] INFO perfrun.perfcollector <> - hwInfo: PERF_CBOX_PMU_DETAILS
221 [22933084825280] INFO perfrun.perfcollector <> - pmu added: family: uncore_cbox, id: 3
221 [22933084825280] INFO perfrun.perfcollector <> - dir found: /sys/bus/event_source/devices/intel_pt
221 [22933084825280] INFO perfrun.perfcollector <> - format: ptw config:12 mask:12
221 [22933084825280] INFO perfrun.perfcollector <> - format: event config:31 mask:31
221 [22933084825280] INFO perfrun.perfcollector <> - format: cyc_thresh config:19-22 mask:19-22
221 [22933084825280] INFO perfrun.perfcollector <> - format: pt config:0 mask:0
222 [22933084825280] INFO perfrun.perfcollector <> - format: notnt config:55 mask:55
222 [22933084825280] INFO perfrun.perfcollector <> - format: branch config:13 mask:13
222 [22933084825280] INFO perfrun.perfcollector <> - format: tsc config:10 mask:10
222 [22933084825280] INFO perfrun.perfcollector <> - format: pwr_evt config:4 mask:4
222 [22933084825280] INFO perfrun.perfcollector <> - format: fup_on_ptw config:5 mask:5
222 [22933084825280] INFO perfrun.perfcollector <> - format: cyc config:1 mask:1
222 [22933084825280] INFO perfrun.perfcollector <> - format: noretcomp config:11 mask:11
222 [22933084825280] INFO perfrun.perfcollector <> - format: mtc config:9 mask:9
222 [22933084825280] INFO perfrun.perfcollector <> - format: psb_period config:24-27 mask:24-27
222 [22933084825280] INFO perfrun.perfcollector <> - format: mtc_period config:14-17 mask:14-17
222 [22933084825280] INFO perfrun.perfcollector <> - hwInfo: not set, pmuFam: intel_pt
222 [22933084825280] INFO perfrun.perfcollector <> - pmu added: family: intel_pt, id: 0
222 [22933084825280] INFO perfrun.perfcollector <> - dir found: /sys/bus/event_source/devices/uncore_ha_1
222 [22933084825280] INFO perfrun.perfcollector <> - format: event config:0-7 mask:0-7
222 [22933084825280] INFO perfrun.perfcollector <> - format: edge config:18 mask:18
222 [22933084825280] INFO perfrun.perfcollector <> - format: inv config:23 mask:23
222 [22933084825280] INFO perfrun.perfcollector <> - format: umask config:8-15 mask:8-15
222 [22933084825280] INFO perfrun.perfcollector <> - format: thresh config:24-31 mask:24-31
222 [22933084825280] INFO perfrun.perfcollector <> - hwInfo: not set, pmuFam: uncore_ha
223 [22933084825280] INFO perfrun.perfcollector <> - pmu added: family: uncore_ha, id: 1
223 [22933084825280] INFO perfrun.perfcollector <> - dir found: /sys/bus/event_source/devices/uncore_cbox_1
223 [22933084825280] INFO perfrun.perfcollector <> - format: event config:0-7 mask:0-7
223 [22933084825280] INFO perfrun.perfcollector <> - format: filter_link config1:6-8 mask:6-8
223 [22933084825280] INFO perfrun.perfcollector <> - format: filter_c6 config1:61 mask:61
223 [22933084825280] INFO perfrun.perfcollector <> - format: edge config:18 mask:18
223 [22933084825280] INFO perfrun.perfcollector <> - format: filter_isoc config1:63 mask:63
223 [22933084825280] INFO perfrun.perfcollector <> - format: filter_tid config1:0-5 mask:0-5
223 [22933084825280] INFO perfrun.perfcollector <> - format: filter_nid config1:32-47 mask:32-47
223 [22933084825280] INFO perfrun.perfcollector <> - format: filter_nc config1:62 mask:62
223 [22933084825280] INFO perfrun.perfcollector <> - format: umask config:8-15 mask:8-15
223 [22933084825280] INFO perfrun.perfcollector <> - format: tid_en config:19 mask:19
223 [22933084825280] INFO perfrun.perfcollector <> - format: thresh config:24-31 mask:24-31
223 [22933084825280] INFO perfrun.perfcollector <> - format: filter_state config1:17-23 mask:17-23
223 [22933084825280] INFO perfrun.perfcollector <> - format: filter_opc config1:52-60 mask:52-60
223 [22933084825280] INFO perfrun.perfcollector <> - hwInfo: PERF_CBOX_PMU_DETAILS
223 [22933084825280] INFO perfrun.perfcollector <> - pmu added: family: uncore_cbox, id: 1
223 [22933084825280] INFO perfrun.sdk <> - runCmd: /opt/intel/oneapi/vtune/2023.1.0/bin64/sep -dry-run -sam 1 -ec CPU_CLK_UNHALTED.THREAD,CPU_CLK_UNHALTED.REF_TSC:sample:sa=2400000,INST_RETIRED.ANY:sample:sa=2400000,CPU_CLK_UNHALTED.REF_XCLK,CPU_CLK_UNHALTED.ONE_THREAD_ACTIVE,FP_ARITH_INST_RETIRED.SCALAR_SINGLE,FP_ARITH_INST_RETIRED.128B_PACKED_SINGLE,FP_ARITH_INST_RETIRED.256B_PACKED_SINGLE,FP_ARITH_INST_RETIRED.SCALAR_DOUBLE,FP_ARITH_INST_RETIRED.128B_PACKED_DOUBLE,FP_ARITH_INST_RETIRED.256B_PACKED_DOUBLE,INST_RETIRED.X87,UOPS_RETIRED.RETIRE_SLOTS:sample:sa=2000003 -experimental
224 [22933084825280] INFO perfrun.sdk <> - runCmd started PID 3823488
255 [22933084825280] INFO perfrun.perfcollector <> - SepDryRun RC = true
258 [22933084825280] INFO perfrun.perfcollector <> - DRY_RUN: "PMU type: Core (core)"
258 [22933084825280] INFO perfrun.perfcollector <> - pmu type: cpu
258 [22933084825280] INFO perfrun.perfcollector <> - DRY_RUN: "Group 0:"
258 [22933084825280] INFO perfrun.perfcollector <> - id: 0
258 [22933084825280] INFO perfrun.perfcollector <> - DRY_RUN: "INST_RETIRED.ANY: event id 2"
258 [22933084825280] INFO perfrun.perfcollector <> - eventName: INST_RETIRED.ANY, eventId: 2
258 [22933084825280] INFO perfrun.perfcollector <> - DRY_RUN: "CPU_CLK_UNHALTED.THREAD: event id 0"
258 [22933084825280] INFO perfrun.perfcollector <> - eventName: CPU_CLK_UNHALTED.THREAD, eventId: 0
258 [22933084825280] INFO perfrun.perfcollector <> - DRY_RUN: "CPU_CLK_UNHALTED.REF_TSC: event id 1"
258 [22933084825280] INFO perfrun.perfcollector <> - eventName: CPU_CLK_UNHALTED.REF_TSC, eventId: 1
258 [22933084825280] INFO perfrun.perfcollector <> - DRY_RUN: "FP_ARITH_INST_RETIRED.SCALAR_SINGLE: event id 5"
258 [22933084825280] INFO perfrun.perfcollector <> - eventName: FP_ARITH_INST_RETIRED.SCALAR_SINGLE, eventId: 5
258 [22933084825280] INFO perfrun.perfcollector <> - DRY_RUN: "FP_ARITH_INST_RETIRED.128B_PACKED_SINGLE: event id 6"
258 [22933084825280] INFO perfrun.perfcollector <> - eventName: FP_ARITH_INST_RETIRED.128B_PACKED_SINGLE, eventId: 6
259 [22933084825280] INFO perfrun.perfcollector <> - DRY_RUN: "FP_ARITH_INST_RETIRED.256B_PACKED_SINGLE: event id 7"
259 [22933084825280] INFO perfrun.perfcollector <> - eventName: FP_ARITH_INST_RETIRED.256B_PACKED_SINGLE, eventId: 7
259 [22933084825280] INFO perfrun.perfcollector <> - DRY_RUN: "FP_ARITH_INST_RETIRED.SCALAR_DOUBLE: event id 8"
259 [22933084825280] INFO perfrun.perfcollector <> - eventName: FP_ARITH_INST_RETIRED.SCALAR_DOUBLE, eventId: 8
259 [22933084825280] INFO perfrun.perfcollector <> - DRY_RUN: "CPU_CLK_UNHALTED.REF_XCLK: event id 3"
259 [22933084825280] INFO perfrun.perfcollector <> - eventName: CPU_CLK_UNHALTED.REF_XCLK, eventId: 3
259 [22933084825280] INFO perfrun.perfcollector <> - DRY_RUN: "CPU_CLK_UNHALTED.ONE_THREAD_ACTIVE: event id 4"
259 [22933084825280] INFO perfrun.perfcollector <> - eventName: CPU_CLK_UNHALTED.ONE_THREAD_ACTIVE, eventId: 4
259 [22933084825280] INFO perfrun.perfcollector <> - DRY_RUN: "INST_RETIRED.X87: event id 11"
259 [22933084825280] INFO perfrun.perfcollector <> - eventName: INST_RETIRED.X87, eventId: 11
259 [22933084825280] INFO perfrun.perfcollector <> - DRY_RUN: "UOPS_RETIRED.RETIRE_SLOTS: event id 12"
259 [22933084825280] INFO perfrun.perfcollector <> - eventName: UOPS_RETIRED.RETIRE_SLOTS, eventId: 12
259 [22933084825280] INFO perfrun.perfcollector <> - DRY_RUN: "CCCR"
259 [22933084825280] INFO perfrun.perfcollector <> - DRY_RUN: "reg_type       = 1	event_id       = g	reg_id         = 38f	reg_value      = 7000000ff"
259 [22933084825280] INFO perfrun.perfcollector <> - eventId: g, skip parsing event_id
259 [22933084825280] INFO perfrun.perfcollector <> - Register was ignored: group_id: 0, reg_type: 1, event_id: 4294967295, reg_id: 38f, reg_value: 7000000ff, pmu_name: cpu
259 [22933084825280] INFO perfrun.perfcollector <> - DRY_RUN: "reg_type       = 1	event_id       = g	reg_id         = 390	reg_value      = 7000000ff"
259 [22933084825280] INFO perfrun.perfcollector <> - eventId: g, skip parsing event_id
259 [22933084825280] INFO perfrun.perfcollector <> - Register was ignored: group_id: 0, reg_type: 1, event_id: 4294967295, reg_id: 390, reg_value: 7000000ff, pmu_name: cpu
259 [22933084825280] INFO perfrun.perfcollector <> - DRY_RUN: "reg_type       = 1	event_id       = g	reg_id         = 3f1	reg_value      = 0"
259 [22933084825280] INFO perfrun.perfcollector <> - eventId: g, skip parsing event_id
259 [22933084825280] INFO perfrun.perfcollector <> - Register was ignored: group_id: 0, reg_type: 1, event_id: 4294967295, reg_id: 3f1, reg_value: 0, pmu_name: cpu
259 [22933084825280] INFO perfrun.perfcollector <> - DRY_RUN: "reg_type       = 1	event_id       = g	reg_id         = 1d9	reg_value      = 1800"
259 [22933084825280] INFO perfrun.perfcollector <> - eventId: g, skip parsing event_id
259 [22933084825280] INFO perfrun.perfcollector <> - Register was ignored: group_id: 0, reg_type: 1, event_id: 4294967295, reg_id: 1d9, reg_value: 1800, pmu_name: cpu
259 [22933084825280] INFO perfrun.perfcollector <> - DRY_RUN: "reg_type       = 1	event_id       = g	reg_id         = 38d	reg_value      = bbb"
259 [22933084825280] INFO perfrun.perfcollector <> - eventId: g, skip parsing event_id
259 [22933084825280] INFO perfrun.perfcollector <> - Register was ignored: group_id: 0, reg_type: 1, event_id: 4294967295, reg_id: 38d, reg_value: bbb, pmu_name: cpu
259 [22933084825280] INFO perfrun.perfcollector <> - DRY_RUN: "reg_type       = 1	event_id       = 5	reg_id         = 186	reg_value      = 5302c7"
259 [22933084825280] INFO perfrun.perfcollector <> - Event selector: group_id: 0, reg_type: 1, event_id: 5, reg_id: 186, reg_value: 5302c7, pmu_name: cpu
259 [22933084825280] INFO perfrun.perfcollector <> - DRY_RUN: "reg_type       = 1	event_id       = 6	reg_id         = 187	reg_value      = 5308c7"
259 [22933084825280] INFO perfrun.perfcollector <> - Event selector: group_id: 0, reg_type: 1, event_id: 6, reg_id: 187, reg_value: 5308c7, pmu_name: cpu
259 [22933084825280] INFO perfrun.perfcollector <> - DRY_RUN: "reg_type       = 1	event_id       = 7	reg_id         = 188	reg_value      = 5320c7"
259 [22933084825280] INFO perfrun.perfcollector <> - Event selector: group_id: 0, reg_type: 1, event_id: 7, reg_id: 188, reg_value: 5320c7, pmu_name: cpu
259 [22933084825280] INFO perfrun.perfcollector <> - DRY_RUN: "reg_type       = 1	event_id       = 8	reg_id         = 189	reg_value      = 5301c7"
259 [22933084825280] INFO perfrun.perfcollector <> - Event selector: group_id: 0, reg_type: 1, event_id: 8, reg_id: 189, reg_value: 5301c7, pmu_name: cpu
259 [22933084825280] INFO perfrun.perfcollector <> - DRY_RUN: "reg_type       = 1	event_id       = 3	reg_id         = 18a	reg_value      = 53013c"
259 [22933084825280] INFO perfrun.perfcollector <> - Event selector: group_id: 0, reg_type: 1, event_id: 3, reg_id: 18a, reg_value: 53013c, pmu_name: cpu
259 [22933084825280] INFO perfrun.perfcollector <> - DRY_RUN: "reg_type       = 1	event_id       = 4	reg_id         = 18b	reg_value      = 53023c"
259 [22933084825280] INFO perfrun.perfcollector <> - Event selector: group_id: 0, reg_type: 1, event_id: 4, reg_id: 18b, reg_value: 53023c, pmu_name: cpu
259 [22933084825280] INFO perfrun.perfcollector <> - DRY_RUN: "reg_type       = 1	event_id       = 11	reg_id         = 18c	reg_value      = 5302c0"
259 [22933084825280] INFO perfrun.perfcollector <> - Event selector: group_id: 0, reg_type: 1, event_id: 11, reg_id: 18c, reg_value: 5302c0, pmu_name: cpu
259 [22933084825280] INFO perfrun.perfcollector <> - DRY_RUN: "reg_type       = 1	event_id       = 12	reg_id         = 18d	reg_value      = 5302c2"
259 [22933084825280] INFO perfrun.perfcollector <> - Event selector: group_id: 0, reg_type: 1, event_id: 12, reg_id: 18d, reg_value: 5302c2, pmu_name: cpu
259 [22933084825280] INFO perfrun.perfcollector <> - DRY_RUN: "ESCR"
259 [22933084825280] INFO perfrun.perfcollector <> - DRY_RUN: "reg_type       = 2	event_id       = g	reg_id         = 1c8	reg_value      = 0"
259 [22933084825280] INFO perfrun.perfcollector <> - eventId: g, skip parsing event_id
259 [22933084825280] INFO perfrun.perfcollector <> - DRY_RUN: "DATA"
259 [22933084825280] INFO perfrun.perfcollector <> - DRY_RUN: "reg_type       = 4	event_id       = 2	reg_id         = 309	reg_value      = ffffffdb6100"
259 [22933084825280] INFO perfrun.perfcollector <> - eventId: 2, dataAddr: 309, dataVal: ffffffdb6100
259 [22933084825280] INFO perfrun.perfcollector <> - DRY_RUN: "reg_type       = 4	event_id       = 0	reg_id         = 30a	reg_value      = ffffffe17b7d"
259 [22933084825280] INFO perfrun.perfcollector <> - eventId: 0, dataAddr: 30a, dataVal: ffffffe17b7d
259 [22933084825280] INFO perfrun.perfcollector <> - DRY_RUN: "reg_type       = 4	event_id       = 1	reg_id         = 30b	reg_value      = ffffffdb6100"
259 [22933084825280] INFO perfrun.perfcollector <> - eventId: 1, dataAddr: 30b, dataVal: ffffffdb6100
259 [22933084825280] INFO perfrun.perfcollector <> - DRY_RUN: "reg_type       = 4	event_id       = 5	reg_id         = c1	reg_value      = ffffffe17b7d"
259 [22933084825280] INFO perfrun.perfcollector <> - eventId: 5, dataAddr: c1, dataVal: ffffffe17b7d
259 [22933084825280] INFO perfrun.perfcollector <> - DRY_RUN: "reg_type       = 4	event_id       = 6	reg_id         = c2	reg_value      = ffffffe17b7d"
259 [22933084825280] INFO perfrun.perfcollector <> - eventId: 6, dataAddr: c2, dataVal: ffffffe17b7d
259 [22933084825280] INFO perfrun.perfcollector <> - DRY_RUN: "reg_type       = 4	event_id       = 7	reg_id         = c3	reg_value      = ffffffe17b7d"
259 [22933084825280] INFO perfrun.perfcollector <> - eventId: 7, dataAddr: c3, dataVal: ffffffe17b7d
259 [22933084825280] INFO perfrun.perfcollector <> - DRY_RUN: "reg_type       = 4	event_id       = 8	reg_id         = c4	reg_value      = ffffffe17b7d"
259 [22933084825280] INFO perfrun.perfcollector <> - eventId: 8, dataAddr: c4, dataVal: ffffffe17b7d
259 [22933084825280] INFO perfrun.perfcollector <> - DRY_RUN: "reg_type       = 4	event_id       = 3	reg_id         = c5	reg_value      = fffffffe795d"
259 [22933084825280] INFO perfrun.perfcollector <> - eventId: 3, dataAddr: c5, dataVal: fffffffe795d
259 [22933084825280] INFO perfrun.perfcollector <> - DRY_RUN: "reg_type       = 4	event_id       = 4	reg_id         = c6	reg_value      = fffffffe795d"
259 [22933084825280] INFO perfrun.perfcollector <> - eventId: 4, dataAddr: c6, dataVal: fffffffe795d
259 [22933084825280] INFO perfrun.perfcollector <> - DRY_RUN: "reg_type       = 4	event_id       = 11	reg_id         = c7	reg_value      = ffffffe17b7d"
259 [22933084825280] INFO perfrun.perfcollector <> - eventId: 11, dataAddr: c7, dataVal: ffffffe17b7d
259 [22933084825280] INFO perfrun.perfcollector <> - DRY_RUN: "reg_type       = 4	event_id       = 12	reg_id         = c8	reg_value      = ffffffe17b7d"
259 [22933084825280] INFO perfrun.perfcollector <> - eventId: 12, dataAddr: c8, dataVal: ffffffe17b7d
259 [22933084825280] INFO perfrun.perfcollector <> - DRY_RUN: "Group 1:"
259 [22933084825280] INFO perfrun.perfcollector <> - id: 1
259 [22933084825280] INFO perfrun.perfcollector <> - DRY_RUN: "INST_RETIRED.ANY: event id 2"
259 [22933084825280] INFO perfrun.perfcollector <> - eventName: INST_RETIRED.ANY, eventId: 2
259 [22933084825280] INFO perfrun.perfcollector <> - DRY_RUN: "CPU_CLK_UNHALTED.THREAD: event id 0"
259 [22933084825280] INFO perfrun.perfcollector <> - eventName: CPU_CLK_UNHALTED.THREAD, eventId: 0
259 [22933084825280] INFO perfrun.perfcollector <> - DRY_RUN: "CPU_CLK_UNHALTED.REF_TSC: event id 1"
259 [22933084825280] INFO perfrun.perfcollector <> - eventName: CPU_CLK_UNHALTED.REF_TSC, eventId: 1
259 [22933084825280] INFO perfrun.perfcollector <> - DRY_RUN: "FP_ARITH_INST_RETIRED.128B_PACKED_DOUBLE: event id 9"
259 [22933084825280] INFO perfrun.perfcollector <> - eventName: FP_ARITH_INST_RETIRED.128B_PACKED_DOUBLE, eventId: 9
259 [22933084825280] INFO perfrun.perfcollector <> - DRY_RUN: "FP_ARITH_INST_RETIRED.256B_PACKED_DOUBLE: event id 10"
259 [22933084825280] INFO perfrun.perfcollector <> - eventName: FP_ARITH_INST_RETIRED.256B_PACKED_DOUBLE, eventId: 10
259 [22933084825280] INFO perfrun.perfcollector <> - DRY_RUN: "CCCR"
259 [22933084825280] INFO perfrun.perfcollector <> - DRY_RUN: "reg_type       = 1	event_id       = g	reg_id         = 38f	reg_value      = 700000003"
259 [22933084825280] INFO perfrun.perfcollector <> - eventId: g, skip parsing event_id
259 [22933084825280] INFO perfrun.perfcollector <> - Register was ignored: group_id: 1, reg_type: 1, event_id: 4294967295, reg_id: 38f, reg_value: 700000003, pmu_name: cpu
259 [22933084825280] INFO perfrun.perfcollector <> - DRY_RUN: "reg_type       = 1	event_id       = g	reg_id         = 390	reg_value      = 700000003"
259 [22933084825280] INFO perfrun.perfcollector <> - eventId: g, skip parsing event_id
259 [22933084825280] INFO perfrun.perfcollector <> - Register was ignored: group_id: 1, reg_type: 1, event_id: 4294967295, reg_id: 390, reg_value: 700000003, pmu_name: cpu
259 [22933084825280] INFO perfrun.perfcollector <> - DRY_RUN: "reg_type       = 1	event_id       = g	reg_id         = 3f1	reg_value      = 0"
259 [22933084825280] INFO perfrun.perfcollector <> - eventId: g, skip parsing event_id
259 [22933084825280] INFO perfrun.perfcollector <> - Register was ignored: group_id: 1, reg_type: 1, event_id: 4294967295, reg_id: 3f1, reg_value: 0, pmu_name: cpu
259 [22933084825280] INFO perfrun.perfcollector <> - DRY_RUN: "reg_type       = 1	event_id       = g	reg_id         = 1d9	reg_value      = 1800"
259 [22933084825280] INFO perfrun.perfcollector <> - eventId: g, skip parsing event_id
259 [22933084825280] INFO perfrun.perfcollector <> - Register was ignored: group_id: 1, reg_type: 1, event_id: 4294967295, reg_id: 1d9, reg_value: 1800, pmu_name: cpu
259 [22933084825280] INFO perfrun.perfcollector <> - DRY_RUN: "reg_type       = 1	event_id       = g	reg_id         = 38d	reg_value      = bbb"
259 [22933084825280] INFO perfrun.perfcollector <> - eventId: g, skip parsing event_id
259 [22933084825280] INFO perfrun.perfcollector <> - Register was ignored: group_id: 1, reg_type: 1, event_id: 4294967295, reg_id: 38d, reg_value: bbb, pmu_name: cpu
259 [22933084825280] INFO perfrun.perfcollector <> - DRY_RUN: "reg_type       = 1	event_id       = 9	reg_id         = 186	reg_value      = 5304c7"
259 [22933084825280] INFO perfrun.perfcollector <> - Event selector: group_id: 1, reg_type: 1, event_id: 9, reg_id: 186, reg_value: 5304c7, pmu_name: cpu
259 [22933084825280] INFO perfrun.perfcollector <> - DRY_RUN: "reg_type       = 1	event_id       = 10	reg_id         = 187	reg_value      = 5310c7"
259 [22933084825280] INFO perfrun.perfcollector <> - Event selector: group_id: 1, reg_type: 1, event_id: 10, reg_id: 187, reg_value: 5310c7, pmu_name: cpu
259 [22933084825280] INFO perfrun.perfcollector <> - DRY_RUN: "ESCR"
259 [22933084825280] INFO perfrun.perfcollector <> - DRY_RUN: "reg_type       = 2	event_id       = g	reg_id         = 1c8	reg_value      = 0"
259 [22933084825280] INFO perfrun.perfcollector <> - eventId: g, skip parsing event_id
259 [22933084825280] INFO perfrun.perfcollector <> - DRY_RUN: "DATA"
259 [22933084825280] INFO perfrun.perfcollector <> - DRY_RUN: "reg_type       = 4	event_id       = 2	reg_id         = 309	reg_value      = ffffffdb6100"
259 [22933084825280] INFO perfrun.perfcollector <> - eventId: 2, dataAddr: 309, dataVal: ffffffdb6100
259 [22933084825280] INFO perfrun.perfcollector <> - DRY_RUN: "reg_type       = 4	event_id       = 0	reg_id         = 30a	reg_value      = ffffffe17b7d"
259 [22933084825280] INFO perfrun.perfcollector <> - eventId: 0, dataAddr: 30a, dataVal: ffffffe17b7d
259 [22933084825280] INFO perfrun.perfcollector <> - DRY_RUN: "reg_type       = 4	event_id       = 1	reg_id         = 30b	reg_value      = ffffffdb6100"
259 [22933084825280] INFO perfrun.perfcollector <> - eventId: 1, dataAddr: 30b, dataVal: ffffffdb6100
259 [22933084825280] INFO perfrun.perfcollector <> - DRY_RUN: "reg_type       = 4	event_id       = 9	reg_id         = c1	reg_value      = ffffffe17b7d"
259 [22933084825280] INFO perfrun.perfcollector <> - eventId: 9, dataAddr: c1, dataVal: ffffffe17b7d
259 [22933084825280] INFO perfrun.perfcollector <> - DRY_RUN: "reg_type       = 4	event_id       = 10	reg_id         = c2	reg_value      = ffffffe17b7d"
259 [22933084825280] INFO perfrun.perfcollector <> - eventId: 10, dataAddr: c2, dataVal: ffffffe17b7d
259 [22933084825280] INFO perfrun.perfcollector <> - event name: CPU_CLK_UNHALTED.THREAD
259 [22933084825280] INFO perfrun.perfcollector <> - pmu config: cpu
259 [22933084825280] INFO perfrun.perfcollector <> - cccrAddr: ffffffff, cccrValue: 0
259 [22933084825280] INFO perfrun.perfcollector <> - dataAddr: 30a, dataValue: ffffffffffe17b7d
259 [22933084825280] INFO perfrun.perfcollector <> - escrAddr: ffffffff, escrValue: 0
259 [22933084825280] INFO perfrun.perfcollector <> - extendedPebsValue: 0
259 [22933084825280] INFO perfrun.perfcollector <> - adaptivePebsAvailable: 0
259 [22933084825280] INFO perfrun.perfcollector <> - config: event: 3c
259 [22933084825280] INFO perfrun.perfcollector <> - config: pc: 0
259 [22933084825280] INFO perfrun.perfcollector <> - config: in_tx: 0
259 [22933084825280] INFO perfrun.perfcollector <> - config: edge: 0
259 [22933084825280] INFO perfrun.perfcollector <> - config: any: 0
259 [22933084825280] INFO perfrun.perfcollector <> - config1: offcore_rsp: 0
259 [22933084825280] INFO perfrun.perfcollector <> - config: in_tx_cp: 0
259 [22933084825280] INFO perfrun.perfcollector <> - config1: ldlat: 0
259 [22933084825280] INFO perfrun.perfcollector <> - config: inv: 0
259 [22933084825280] INFO perfrun.perfcollector <> - config: umask: 0
259 [22933084825280] INFO perfrun.perfcollector <> - config: cmask: 0
259 [22933084825280] INFO perfrun.perfcollector <> - format: cpu/event=0x3c,name='CPU_CLK_UNHALTED.THREAD'/D
259 [22933084825280] INFO perfrun.perfcollector <> - event name: CPU_CLK_UNHALTED.REF_TSC
259 [22933084825280] INFO perfrun.perfcollector <> - pmu config: cpu
259 [22933084825280] INFO perfrun.perfcollector <> - cccrAddr: ffffffff, cccrValue: 0
259 [22933084825280] INFO perfrun.perfcollector <> - dataAddr: 30b, dataValue: ffffffffffdb6100
259 [22933084825280] INFO perfrun.perfcollector <> - escrAddr: ffffffff, escrValue: 0
259 [22933084825280] INFO perfrun.perfcollector <> - extendedPebsValue: 0
259 [22933084825280] INFO perfrun.perfcollector <> - adaptivePebsAvailable: 0
259 [22933084825280] INFO perfrun.perfcollector <> - config: event: 0
259 [22933084825280] INFO perfrun.perfcollector <> - config: pc: 0
259 [22933084825280] INFO perfrun.perfcollector <> - config: in_tx: 0
259 [22933084825280] INFO perfrun.perfcollector <> - config: edge: 0
259 [22933084825280] INFO perfrun.perfcollector <> - config: any: 0
259 [22933084825280] INFO perfrun.perfcollector <> - config1: offcore_rsp: 0
259 [22933084825280] INFO perfrun.perfcollector <> - config: in_tx_cp: 0
259 [22933084825280] INFO perfrun.perfcollector <> - config1: ldlat: 0
259 [22933084825280] INFO perfrun.perfcollector <> - config: inv: 0
259 [22933084825280] INFO perfrun.perfcollector <> - config: umask: 3
259 [22933084825280] INFO perfrun.perfcollector <> - config: cmask: 0
259 [22933084825280] INFO perfrun.perfcollector <> - format: cpu/umask=0x3,name='CPU_CLK_UNHALTED.REF_TSC'/D
259 [22933084825280] INFO perfrun.perfcollector <> - event name: INST_RETIRED.ANY
259 [22933084825280] INFO perfrun.perfcollector <> - pmu config: cpu
259 [22933084825280] INFO perfrun.perfcollector <> - cccrAddr: ffffffff, cccrValue: 0
259 [22933084825280] INFO perfrun.perfcollector <> - dataAddr: 309, dataValue: ffffffffffdb6100
259 [22933084825280] INFO perfrun.perfcollector <> - escrAddr: ffffffff, escrValue: 0
259 [22933084825280] INFO perfrun.perfcollector <> - extendedPebsValue: 0
259 [22933084825280] INFO perfrun.perfcollector <> - adaptivePebsAvailable: 0
259 [22933084825280] INFO perfrun.perfcollector <> - config: event: c0
259 [22933084825280] INFO perfrun.perfcollector <> - config: pc: 0
259 [22933084825280] INFO perfrun.perfcollector <> - config: in_tx: 0
259 [22933084825280] INFO perfrun.perfcollector <> - config: edge: 0
259 [22933084825280] INFO perfrun.perfcollector <> - config: any: 0
259 [22933084825280] INFO perfrun.perfcollector <> - config1: offcore_rsp: 0
259 [22933084825280] INFO perfrun.perfcollector <> - config: in_tx_cp: 0
259 [22933084825280] INFO perfrun.perfcollector <> - config1: ldlat: 0
259 [22933084825280] INFO perfrun.perfcollector <> - config: inv: 0
259 [22933084825280] INFO perfrun.perfcollector <> - config: umask: 0
259 [22933084825280] INFO perfrun.perfcollector <> - config: cmask: 0
259 [22933084825280] INFO perfrun.perfcollector <> - format: cpu/event=0xc0,name='INST_RETIRED.ANY'/D
259 [22933084825280] INFO perfrun.perfcollector <> - event name: CPU_CLK_UNHALTED.REF_XCLK
259 [22933084825280] INFO perfrun.perfcollector <> - pmu config: cpu
259 [22933084825280] INFO perfrun.perfcollector <> - cccrAddr: 18a, cccrValue: 53013c
259 [22933084825280] INFO perfrun.perfcollector <> - dataAddr: c5, dataValue: fffffffffffe795d
259 [22933084825280] INFO perfrun.perfcollector <> - escrAddr: ffffffff, escrValue: 0
259 [22933084825280] INFO perfrun.perfcollector <> - extendedPebsValue: 0
259 [22933084825280] INFO perfrun.perfcollector <> - adaptivePebsAvailable: 0
259 [22933084825280] INFO perfrun.perfcollector <> - config: event: 3c
259 [22933084825280] INFO perfrun.perfcollector <> - config: pc: 0
259 [22933084825280] INFO perfrun.perfcollector <> - config: in_tx: 0
259 [22933084825280] INFO perfrun.perfcollector <> - config: edge: 0
259 [22933084825280] INFO perfrun.perfcollector <> - config: any: 0
259 [22933084825280] INFO perfrun.perfcollector <> - config1: offcore_rsp: 0
259 [22933084825280] INFO perfrun.perfcollector <> - config: in_tx_cp: 0
259 [22933084825280] INFO perfrun.perfcollector <> - config1: ldlat: 0
259 [22933084825280] INFO perfrun.perfcollector <> - config: inv: 0
259 [22933084825280] INFO perfrun.perfcollector <> - config: umask: 1
259 [22933084825280] INFO perfrun.perfcollector <> - config: cmask: 0
259 [22933084825280] INFO perfrun.perfcollector <> - format: cpu/event=0x3c,umask=0x1,name='CPU_CLK_UNHALTED.REF_XCLK'/
259 [22933084825280] INFO perfrun.perfcollector <> - event name: CPU_CLK_UNHALTED.ONE_THREAD_ACTIVE
259 [22933084825280] INFO perfrun.perfcollector <> - pmu config: cpu
259 [22933084825280] INFO perfrun.perfcollector <> - cccrAddr: 18b, cccrValue: 53023c
259 [22933084825280] INFO perfrun.perfcollector <> - dataAddr: c6, dataValue: fffffffffffe795d
259 [22933084825280] INFO perfrun.perfcollector <> - escrAddr: ffffffff, escrValue: 0
260 [22933084825280] INFO perfrun.perfcollector <> - extendedPebsValue: 0
260 [22933084825280] INFO perfrun.perfcollector <> - adaptivePebsAvailable: 0
260 [22933084825280] INFO perfrun.perfcollector <> - config: event: 3c
260 [22933084825280] INFO perfrun.perfcollector <> - config: pc: 0
260 [22933084825280] INFO perfrun.perfcollector <> - config: in_tx: 0
260 [22933084825280] INFO perfrun.perfcollector <> - config: edge: 0
260 [22933084825280] INFO perfrun.perfcollector <> - config: any: 0
260 [22933084825280] INFO perfrun.perfcollector <> - config1: offcore_rsp: 0
260 [22933084825280] INFO perfrun.perfcollector <> - config: in_tx_cp: 0
260 [22933084825280] INFO perfrun.perfcollector <> - config1: ldlat: 0
260 [22933084825280] INFO perfrun.perfcollector <> - config: inv: 0
260 [22933084825280] INFO perfrun.perfcollector <> - config: umask: 2
260 [22933084825280] INFO perfrun.perfcollector <> - config: cmask: 0
260 [22933084825280] INFO perfrun.perfcollector <> - format: cpu/event=0x3c,umask=0x2,name='CPU_CLK_UNHALTED.ONE_THREAD_ACTIVE'/
260 [22933084825280] INFO perfrun.perfcollector <> - event name: FP_ARITH_INST_RETIRED.SCALAR_SINGLE
260 [22933084825280] INFO perfrun.perfcollector <> - pmu config: cpu
260 [22933084825280] INFO perfrun.perfcollector <> - cccrAddr: 186, cccrValue: 5302c7
260 [22933084825280] INFO perfrun.perfcollector <> - dataAddr: c1, dataValue: ffffffffffe17b7d
260 [22933084825280] INFO perfrun.perfcollector <> - escrAddr: ffffffff, escrValue: 0
260 [22933084825280] INFO perfrun.perfcollector <> - extendedPebsValue: 0
260 [22933084825280] INFO perfrun.perfcollector <> - adaptivePebsAvailable: 0
260 [22933084825280] INFO perfrun.perfcollector <> - config: event: c7
260 [22933084825280] INFO perfrun.perfcollector <> - config: pc: 0
260 [22933084825280] INFO perfrun.perfcollector <> - config: in_tx: 0
260 [22933084825280] INFO perfrun.perfcollector <> - config: edge: 0
260 [22933084825280] INFO perfrun.perfcollector <> - config: any: 0
260 [22933084825280] INFO perfrun.perfcollector <> - config1: offcore_rsp: 0
260 [22933084825280] INFO perfrun.perfcollector <> - config: in_tx_cp: 0
260 [22933084825280] INFO perfrun.perfcollector <> - config1: ldlat: 0
260 [22933084825280] INFO perfrun.perfcollector <> - config: inv: 0
260 [22933084825280] INFO perfrun.perfcollector <> - config: umask: 2
260 [22933084825280] INFO perfrun.perfcollector <> - config: cmask: 0
260 [22933084825280] INFO perfrun.perfcollector <> - format: cpu/event=0xc7,umask=0x2,name='FP_ARITH_INST_RETIRED.SCALAR_SINGLE'/
260 [22933084825280] INFO perfrun.perfcollector <> - event name: FP_ARITH_INST_RETIRED.128B_PACKED_SINGLE
260 [22933084825280] INFO perfrun.perfcollector <> - pmu config: cpu
260 [22933084825280] INFO perfrun.perfcollector <> - cccrAddr: 187, cccrValue: 5308c7
260 [22933084825280] INFO perfrun.perfcollector <> - dataAddr: c2, dataValue: ffffffffffe17b7d
260 [22933084825280] INFO perfrun.perfcollector <> - escrAddr: ffffffff, escrValue: 0
260 [22933084825280] INFO perfrun.perfcollector <> - extendedPebsValue: 0
260 [22933084825280] INFO perfrun.perfcollector <> - adaptivePebsAvailable: 0
260 [22933084825280] INFO perfrun.perfcollector <> - config: event: c7
260 [22933084825280] INFO perfrun.perfcollector <> - config: pc: 0
260 [22933084825280] INFO perfrun.perfcollector <> - config: in_tx: 0
260 [22933084825280] INFO perfrun.perfcollector <> - config: edge: 0
260 [22933084825280] INFO perfrun.perfcollector <> - config: any: 0
260 [22933084825280] INFO perfrun.perfcollector <> - config1: offcore_rsp: 0
260 [22933084825280] INFO perfrun.perfcollector <> - config: in_tx_cp: 0
260 [22933084825280] INFO perfrun.perfcollector <> - config1: ldlat: 0
260 [22933084825280] INFO perfrun.perfcollector <> - config: inv: 0
260 [22933084825280] INFO perfrun.perfcollector <> - config: umask: 8
260 [22933084825280] INFO perfrun.perfcollector <> - config: cmask: 0
260 [22933084825280] INFO perfrun.perfcollector <> - format: cpu/event=0xc7,umask=0x8,name='FP_ARITH_INST_RETIRED.128B_PACKED_SINGLE'/
260 [22933084825280] INFO perfrun.perfcollector <> - event name: FP_ARITH_INST_RETIRED.256B_PACKED_SINGLE
260 [22933084825280] INFO perfrun.perfcollector <> - pmu config: cpu
260 [22933084825280] INFO perfrun.perfcollector <> - cccrAddr: 188, cccrValue: 5320c7
260 [22933084825280] INFO perfrun.perfcollector <> - dataAddr: c3, dataValue: ffffffffffe17b7d
260 [22933084825280] INFO perfrun.perfcollector <> - escrAddr: ffffffff, escrValue: 0
260 [22933084825280] INFO perfrun.perfcollector <> - extendedPebsValue: 0
260 [22933084825280] INFO perfrun.perfcollector <> - adaptivePebsAvailable: 0
260 [22933084825280] INFO perfrun.perfcollector <> - config: event: c7
260 [22933084825280] INFO perfrun.perfcollector <> - config: pc: 0
260 [22933084825280] INFO perfrun.perfcollector <> - config: in_tx: 0
260 [22933084825280] INFO perfrun.perfcollector <> - config: edge: 0
260 [22933084825280] INFO perfrun.perfcollector <> - config: any: 0
260 [22933084825280] INFO perfrun.perfcollector <> - config1: offcore_rsp: 0
260 [22933084825280] INFO perfrun.perfcollector <> - config: in_tx_cp: 0
260 [22933084825280] INFO perfrun.perfcollector <> - config1: ldlat: 0
260 [22933084825280] INFO perfrun.perfcollector <> - config: inv: 0
260 [22933084825280] INFO perfrun.perfcollector <> - config: umask: 20
260 [22933084825280] INFO perfrun.perfcollector <> - config: cmask: 0
260 [22933084825280] INFO perfrun.perfcollector <> - format: cpu/event=0xc7,umask=0x20,name='FP_ARITH_INST_RETIRED.256B_PACKED_SINGLE'/
260 [22933084825280] INFO perfrun.perfcollector <> - event name: FP_ARITH_INST_RETIRED.SCALAR_DOUBLE
260 [22933084825280] INFO perfrun.perfcollector <> - pmu config: cpu
260 [22933084825280] INFO perfrun.perfcollector <> - cccrAddr: 189, cccrValue: 5301c7
260 [22933084825280] INFO perfrun.perfcollector <> - dataAddr: c4, dataValue: ffffffffffe17b7d
260 [22933084825280] INFO perfrun.perfcollector <> - escrAddr: ffffffff, escrValue: 0
260 [22933084825280] INFO perfrun.perfcollector <> - extendedPebsValue: 0
260 [22933084825280] INFO perfrun.perfcollector <> - adaptivePebsAvailable: 0
260 [22933084825280] INFO perfrun.perfcollector <> - config: event: c7
260 [22933084825280] INFO perfrun.perfcollector <> - config: pc: 0
260 [22933084825280] INFO perfrun.perfcollector <> - config: in_tx: 0
260 [22933084825280] INFO perfrun.perfcollector <> - config: edge: 0
260 [22933084825280] INFO perfrun.perfcollector <> - config: any: 0
260 [22933084825280] INFO perfrun.perfcollector <> - config1: offcore_rsp: 0
260 [22933084825280] INFO perfrun.perfcollector <> - config: in_tx_cp: 0
260 [22933084825280] INFO perfrun.perfcollector <> - config1: ldlat: 0
260 [22933084825280] INFO perfrun.perfcollector <> - config: inv: 0
260 [22933084825280] INFO perfrun.perfcollector <> - config: umask: 1
260 [22933084825280] INFO perfrun.perfcollector <> - config: cmask: 0
260 [22933084825280] INFO perfrun.perfcollector <> - format: cpu/event=0xc7,umask=0x1,name='FP_ARITH_INST_RETIRED.SCALAR_DOUBLE'/
260 [22933084825280] INFO perfrun.perfcollector <> - event name: FP_ARITH_INST_RETIRED.128B_PACKED_DOUBLE
260 [22933084825280] INFO perfrun.perfcollector <> - pmu config: cpu
260 [22933084825280] INFO perfrun.perfcollector <> - cccrAddr: 186, cccrValue: 5304c7
260 [22933084825280] INFO perfrun.perfcollector <> - dataAddr: c1, dataValue: ffffffffffe17b7d
260 [22933084825280] INFO perfrun.perfcollector <> - escrAddr: ffffffff, escrValue: 0
260 [22933084825280] INFO perfrun.perfcollector <> - extendedPebsValue: 0
260 [22933084825280] INFO perfrun.perfcollector <> - adaptivePebsAvailable: 0
260 [22933084825280] INFO perfrun.perfcollector <> - config: event: c7
260 [22933084825280] INFO perfrun.perfcollector <> - config: pc: 0
260 [22933084825280] INFO perfrun.perfcollector <> - config: in_tx: 0
260 [22933084825280] INFO perfrun.perfcollector <> - config: edge: 0
260 [22933084825280] INFO perfrun.perfcollector <> - config: any: 0
260 [22933084825280] INFO perfrun.perfcollector <> - config1: offcore_rsp: 0
260 [22933084825280] INFO perfrun.perfcollector <> - config: in_tx_cp: 0
260 [22933084825280] INFO perfrun.perfcollector <> - config1: ldlat: 0
260 [22933084825280] INFO perfrun.perfcollector <> - config: inv: 0
260 [22933084825280] INFO perfrun.perfcollector <> - config: umask: 4
260 [22933084825280] INFO perfrun.perfcollector <> - config: cmask: 0
260 [22933084825280] INFO perfrun.perfcollector <> - format: cpu/event=0xc7,umask=0x4,name='FP_ARITH_INST_RETIRED.128B_PACKED_DOUBLE'/
260 [22933084825280] INFO perfrun.perfcollector <> - event name: FP_ARITH_INST_RETIRED.256B_PACKED_DOUBLE
260 [22933084825280] INFO perfrun.perfcollector <> - pmu config: cpu
260 [22933084825280] INFO perfrun.perfcollector <> - cccrAddr: 187, cccrValue: 5310c7
260 [22933084825280] INFO perfrun.perfcollector <> - dataAddr: c2, dataValue: ffffffffffe17b7d
260 [22933084825280] INFO perfrun.perfcollector <> - escrAddr: ffffffff, escrValue: 0
260 [22933084825280] INFO perfrun.perfcollector <> - extendedPebsValue: 0
260 [22933084825280] INFO perfrun.perfcollector <> - adaptivePebsAvailable: 0
260 [22933084825280] INFO perfrun.perfcollector <> - config: event: c7
260 [22933084825280] INFO perfrun.perfcollector <> - config: pc: 0
260 [22933084825280] INFO perfrun.perfcollector <> - config: in_tx: 0
260 [22933084825280] INFO perfrun.perfcollector <> - config: edge: 0
260 [22933084825280] INFO perfrun.perfcollector <> - config: any: 0
260 [22933084825280] INFO perfrun.perfcollector <> - config1: offcore_rsp: 0
260 [22933084825280] INFO perfrun.perfcollector <> - config: in_tx_cp: 0
260 [22933084825280] INFO perfrun.perfcollector <> - config1: ldlat: 0
260 [22933084825280] INFO perfrun.perfcollector <> - config: inv: 0
260 [22933084825280] INFO perfrun.perfcollector <> - config: umask: 10
260 [22933084825280] INFO perfrun.perfcollector <> - config: cmask: 0
260 [22933084825280] INFO perfrun.perfcollector <> - format: cpu/event=0xc7,umask=0x10,name='FP_ARITH_INST_RETIRED.256B_PACKED_DOUBLE'/
260 [22933084825280] INFO perfrun.perfcollector <> - event name: INST_RETIRED.X87
260 [22933084825280] INFO perfrun.perfcollector <> - pmu config: cpu
260 [22933084825280] INFO perfrun.perfcollector <> - cccrAddr: 18c, cccrValue: 5302c0
260 [22933084825280] INFO perfrun.perfcollector <> - dataAddr: c7, dataValue: ffffffffffe17b7d
260 [22933084825280] INFO perfrun.perfcollector <> - escrAddr: ffffffff, escrValue: 0
260 [22933084825280] INFO perfrun.perfcollector <> - extendedPebsValue: 0
260 [22933084825280] INFO perfrun.perfcollector <> - adaptivePebsAvailable: 0
260 [22933084825280] INFO perfrun.perfcollector <> - config: event: c0
260 [22933084825280] INFO perfrun.perfcollector <> - config: pc: 0
260 [22933084825280] INFO perfrun.perfcollector <> - config: in_tx: 0
260 [22933084825280] INFO perfrun.perfcollector <> - config: edge: 0
260 [22933084825280] INFO perfrun.perfcollector <> - config: any: 0
260 [22933084825280] INFO perfrun.perfcollector <> - config1: offcore_rsp: 0
260 [22933084825280] INFO perfrun.perfcollector <> - config: in_tx_cp: 0
260 [22933084825280] INFO perfrun.perfcollector <> - config1: ldlat: 0
260 [22933084825280] INFO perfrun.perfcollector <> - config: inv: 0
260 [22933084825280] INFO perfrun.perfcollector <> - config: umask: 2
260 [22933084825280] INFO perfrun.perfcollector <> - config: cmask: 0
260 [22933084825280] INFO perfrun.perfcollector <> - format: cpu/event=0xc0,umask=0x2,name='INST_RETIRED.X87'/
260 [22933084825280] INFO perfrun.perfcollector <> - event name: UOPS_RETIRED.RETIRE_SLOTS
260 [22933084825280] INFO perfrun.perfcollector <> - pmu config: cpu
260 [22933084825280] INFO perfrun.perfcollector <> - cccrAddr: 18d, cccrValue: 5302c2
260 [22933084825280] INFO perfrun.perfcollector <> - dataAddr: c8, dataValue: ffffffffffe17b7d
260 [22933084825280] INFO perfrun.perfcollector <> - escrAddr: ffffffff, escrValue: 0
260 [22933084825280] INFO perfrun.perfcollector <> - extendedPebsValue: 0
260 [22933084825280] INFO perfrun.perfcollector <> - adaptivePebsAvailable: 0
260 [22933084825280] INFO perfrun.perfcollector <> - config: event: c2
260 [22933084825280] INFO perfrun.perfcollector <> - config: pc: 0
260 [22933084825280] INFO perfrun.perfcollector <> - config: in_tx: 0
260 [22933084825280] INFO perfrun.perfcollector <> - config: edge: 0
260 [22933084825280] INFO perfrun.perfcollector <> - config: any: 0
260 [22933084825280] INFO perfrun.perfcollector <> - config1: offcore_rsp: 0
260 [22933084825280] INFO perfrun.perfcollector <> - config: in_tx_cp: 0
260 [22933084825280] INFO perfrun.perfcollector <> - config1: ldlat: 0
260 [22933084825280] INFO perfrun.perfcollector <> - config: inv: 0
260 [22933084825280] INFO perfrun.perfcollector <> - config: umask: 2
260 [22933084825280] INFO perfrun.perfcollector <> - config: cmask: 0
260 [22933084825280] INFO perfrun.perfcollector <> - format: cpu/event=0xc2,umask=0x2,name='UOPS_RETIRED.RETIRE_SLOTS'/
260 [22933084825280] INFO perfrun.perfcollector <> - event: cpu/event=0x3c,name='CPU_CLK_UNHALTED.THREAD'/Duk, added for counting
260 [22933084825280] INFO perfrun.perfcollector <> - event: cpu/umask=0x3,name='CPU_CLK_UNHALTED.REF_TSC'/Duk, added for counting
260 [22933084825280] INFO perfrun.perfcollector <> - event: cpu/event=0xc0,name='INST_RETIRED.ANY'/Duk, added for counting
260 [22933084825280] INFO perfrun.perfcollector <> - event: cpu/event=0x3c,umask=0x1,name='CPU_CLK_UNHALTED.REF_XCLK'/uk, added for counting
260 [22933084825280] INFO perfrun.perfcollector <> - event: cpu/event=0x3c,umask=0x2,name='CPU_CLK_UNHALTED.ONE_THREAD_ACTIVE'/uk, added for counting
260 [22933084825280] INFO perfrun.perfcollector <> - event: cpu/event=0xc7,umask=0x2,name='FP_ARITH_INST_RETIRED.SCALAR_SINGLE'/uk, added for counting
260 [22933084825280] INFO perfrun.perfcollector <> - event: cpu/event=0xc7,umask=0x8,name='FP_ARITH_INST_RETIRED.128B_PACKED_SINGLE'/uk, added for counting
260 [22933084825280] INFO perfrun.perfcollector <> - event: cpu/event=0xc7,umask=0x20,name='FP_ARITH_INST_RETIRED.256B_PACKED_SINGLE'/uk, added for counting
260 [22933084825280] INFO perfrun.perfcollector <> - event: cpu/event=0xc7,umask=0x1,name='FP_ARITH_INST_RETIRED.SCALAR_DOUBLE'/uk, added for counting
260 [22933084825280] INFO perfrun.perfcollector <> - event: cpu/event=0xc7,umask=0x4,name='FP_ARITH_INST_RETIRED.128B_PACKED_DOUBLE'/uk, added for counting
260 [22933084825280] INFO perfrun.perfcollector <> - event: cpu/event=0xc7,umask=0x10,name='FP_ARITH_INST_RETIRED.256B_PACKED_DOUBLE'/uk, added for counting
260 [22933084825280] INFO perfrun.perfcollector <> - event: cpu/event=0xc0,umask=0x2,name='INST_RETIRED.X87'/uk, added for counting
260 [22933084825280] INFO perfrun.perfcollector <> - event: cpu/event=0xc2,umask=0x2,name='UOPS_RETIRED.RETIRE_SLOTS'/uk, added for counting
260 [22933084825280] INFO perfrun.perfcollector <> - attaching to pid: 4294967295, collect mode: 1, rc modes: 3
272 [22933073778368] WARN perfrun.perfcollector <> - Perf stat trace pipe capacity: read = 1048576, write = 1048576, at file: vcs/perfrun1/plugins/perfcollector/src/profiler.cpp:765
281 [22933073778368] INFO perfrun.sdk <> - runCmd: /opt/intel/oneapi/vtune/2023.1.0/bin64/amplxe-perf stat -v --log-fd 10 --scale -x ; -e cpu/event=0x3c,name='CPU_CLK_UNHALTED.THREAD'/Duk,cpu/umask=0x3,name='CPU_CLK_UNHALTED.REF_TSC'/Duk,cpu/event=0xc0,name='INST_RETIRED.ANY'/Duk,cpu/event=0x3c,umask=0x1,name='CPU_CLK_UNHALTED.REF_XCLK'/uk,cpu/event=0x3c,umask=0x2,name='CPU_CLK_UNHALTED.ONE_THREAD_ACTIVE'/uk,cpu/event=0xc7,umask=0x2,name='FP_ARITH_INST_RETIRED.SCALAR_SINGLE'/uk,cpu/event=0xc7,umask=0x8,name='FP_ARITH_INST_RETIRED.128B_PACKED_SINGLE'/uk,cpu/event=0xc7,umask=0x20,name='FP_ARITH_INST_RETIRED.256B_PACKED_SINGLE'/uk,cpu/event=0xc7,umask=0x1,name='FP_ARITH_INST_RETIRED.SCALAR_DOUBLE'/uk,cpu/event=0xc7,umask=0x4,name='FP_ARITH_INST_RETIRED.128B_PACKED_DOUBLE'/uk,cpu/event=0xc7,umask=0x10,name='FP_ARITH_INST_RETIRED.256B_PACKED_DOUBLE'/uk,cpu/event=0xc0,umask=0x2,name='INST_RETIRED.X87'/uk,cpu/event=0xc2,umask=0x2,name='UOPS_RETIRED.RETIRE_SLOTS'/uk /opt/intel/oneapi/vtune/2023.1.0/bin64/amplxe-perf-sync dryrun sys
282 [22933073778368] INFO perfrun.sdk <> - runCmd started PID 3823512
480 [22933073778368] INFO perfrun.perfcollector <> - Monitor: runCmd RC = true
482 [22933084825280] INFO perfrun.launcher <> - plugin [aoclprofile] was disabled because it doesn't support the given collection type.
482 [22933084825280] INFO perfrun.tpss <> - initialize tpss controller
482 [22933084825280] INFO perfrun.tpss <> - configure collection mode: value = cpu:counters:nostack
482 [22933084825280] INFO perfrun.tpss <> - configure collection mode: value = cpu:stack
482 [22933084825280] INFO perfrun.tpss <> - default obj-size-min=1024
482 [22933084825280] INFO perfrun.tpss <> - default hash-table-size=0
482 [22933084825280] INFO perfrun.launcher <> - plugin [media] was disabled because it doesn't support the given collection type.
482 [22933084825280] INFO perfrun.launcher <> - plugin [] was disabled because it doesn't support the given collection type.
482 [22933084825280] INFO perfrun.launcher <> - plugin [] was disabled because it doesn't support the given collection type.
482 [22933084825280] INFO perfrun.launcher <> - plugin [parallelfs] was disabled because it doesn't support the given collection type.
482 [22933084825280] INFO perfrun.launcher <> - plugin [power] was disabled because it doesn't support the given collection type.
482 [22933084825280] INFO perfrun.launcher <> - plugin [hwloc] was disabled because it doesn't support the given collection type.
482 [22933084825280] INFO perfrun.launcher <> - plugin [ipmwatch] was disabled because it doesn't support the given collection type.
482 [22933084825280] INFO perfrun.launcher <> - plugin [os_counters] was disabled because it doesn't support the given collection type.
482 [22933084825280] INFO perfrun.launcher <> - plugin [l0_metrics] was disabled because it doesn't support the given collection type.
482 [22933227911040] INFO perfrun.launcher <> - set environment variable: LD_LIBRARY_PATH = /opt/intel/oneapi/vtune/2023.1.0/lib32/runtime:/opt/intel/oneapi/vtune/2023.1.0/lib64/runtime:/opt/intel/oneapi/tbb/2021.5.1/env/../lib/intel64/gcc4.8:/opt/intel/oneapi/mpi/2021.5.1//libfabric/lib:/opt/intel/oneapi/mpi/2021.5.1//lib/release:/opt/intel/oneapi/mpi/2021.5.1//lib:/opt/intel/oneapi/mkl/2022.0.2/lib/intel64:/opt/intel/oneapi/itac/2021.5.0/slib:/opt/intel/oneapi/debugger/2021.5.0/gdb/intel64/lib:/opt/intel/oneapi/debugger/2021.5.0/libipt/intel64/lib:/opt/intel/oneapi/debugger/2021.5.0/dep/lib:/opt/intel/oneapi/compiler/2022.0.2/linux/lib:/opt/intel/oneapi/compiler/2022.0.2/linux/lib/x64:/opt/intel/oneapi/compiler/2022.0.2/linux/lib/oclfpga/host/linux64/lib:/opt/intel/oneapi/compiler/2022.0.2/linux/compiler/lib/intel64_lin
482 [22933227911040] INFO perfrun.launcher <> - set environment variable: INTEL_LIBITTNOTIFY32 = /opt/intel/oneapi/vtune/2023.1.0/lib32/runtime/libittnotify_collector.so
482 [22933227911040] INFO perfrun.launcher <> - set environment variable: INTEL_LIBITTNOTIFY64 = /opt/intel/oneapi/vtune/2023.1.0/lib64/runtime/libittnotify_collector.so
482 [22933227911040] INFO perfrun.launcher <> - set environment variable: INTEL_ITTNOTIFY_GROUPS = 
482 [22933227911040] INFO perfrun.launcher <> - set environment variable: INTEL_JIT_PROFILER32 = /opt/intel/oneapi/vtune/2023.1.0/lib32/runtime/libittnotify_collector.so
482 [22933227911040] INFO perfrun.launcher <> - set environment variable: INTEL_JIT_PROFILER64 = /opt/intel/oneapi/vtune/2023.1.0/lib64/runtime/libittnotify_collector.so
482 [22933227911040] INFO perfrun.launcher <> - set environment variable: OMP_TOOL_LIBRARIES = /opt/intel/oneapi/vtune/2023.1.0/lib32/runtime/libittnotify_collector.so:/opt/intel/oneapi/vtune/2023.1.0/lib64/runtime/libittnotify_collector.so
482 [22933227911040] INFO perfrun.launcher <> - set environment variable: ENABLE_JITPROFILING = 1
482 [22933227911040] INFO perfrun.launcher <> - set environment variable: CL_CONFIG_USE_VTUNE = True
483 [22933227911040] INFO perfrun.launcher <> - set environment variable: LD_PRELOAD = libittnotify_collector.so:
483 [22933227911040] INFO perfrun.launcher <> - set environment variable: KMP_FORKJOIN_FRAMES = 0
483 [22933227911040] INFO perfrun.launcher <> - set environment variable: KMP_FORKJOIN_FRAMES_MODE = 0
483 [22933227911040] INFO perfrun.launcher <> - set environment variable: OMP_TOOL = disabled
483 [22933227911040] INFO perfrun.launcher <> - set environment variable: INTEL_MRTE_DATA_DIR = /home/course/hpc/users/2023010828/exp8/result.conv1/data.4
483 [22933227911040] INFO perfrun.launcher <> - set environment variable: INTEL_MRTE_HOST_NAME = conv1
483 [22933227911040] INFO perfrun.launcher <> - set environment variable: JAVA_TOOL_OPTIONS = -agentlib:amplxe_tpssmrte_javaprof_1.0 -Dsun.boot.library.path=/opt/intel/oneapi/vtune/2023.1.0/lib32/runtime:/opt/intel/oneapi/vtune/2023.1.0/lib64/runtime
483 [22933227911040] INFO perfrun.launcher <> - set environment variable: LD_LIBRARY_PATH = /opt/intel/oneapi/vtune/2023.1.0/lib32/runtime:/opt/intel/oneapi/vtune/2023.1.0/lib64/runtime:/opt/intel/oneapi/tbb/2021.5.1/env/../lib/intel64/gcc4.8:/opt/intel/oneapi/mpi/2021.5.1//libfabric/lib:/opt/intel/oneapi/mpi/2021.5.1//lib/release:/opt/intel/oneapi/mpi/2021.5.1//lib:/opt/intel/oneapi/mkl/2022.0.2/lib/intel64:/opt/intel/oneapi/itac/2021.5.0/slib:/opt/intel/oneapi/debugger/2021.5.0/gdb/intel64/lib:/opt/intel/oneapi/debugger/2021.5.0/libipt/intel64/lib:/opt/intel/oneapi/debugger/2021.5.0/dep/lib:/opt/intel/oneapi/compiler/2022.0.2/linux/lib:/opt/intel/oneapi/compiler/2022.0.2/linux/lib/x64:/opt/intel/oneapi/compiler/2022.0.2/linux/lib/oclfpga/host/linux64/lib:/opt/intel/oneapi/compiler/2022.0.2/linux/compiler/lib/intel64_lin
483 [22933227911040] INFO perfrun.launcher <> - set environment variable: CORECLR_ENABLE_PROFILING = 1
483 [22933227911040] INFO perfrun.launcher <> - set environment variable: CORECLR_PROFILER = {AA5E4821-E3B1-479c-B7FF-5AD047D22CED}
483 [22933227911040] INFO perfrun.launcher <> - set environment variable: CORECLR_PROFILER_PATH = /opt/intel/oneapi/vtune/2023.1.0/lib64/libamplxe_samplingmrte_clrprof_1.0.so
483 [22933227911040] INFO perfrun.launcher <> - set environment variable: INTEL_MRTE_PROFILER_MODE = mixed
483 [22933227911040] INFO perfrun.launcher <> - RpcServer: run RPC server to handle requests
484 [22933227911040] INFO perfrun.launcher <> - Launcher: command line to start before modification = ./main 2023010828
484 [22933227911040] INFO perfrun.launcher <> - Launcher: command line to start after modification = /opt/intel/oneapi/vtune/2023.1.0/bin64/pin -error_file /home/course/hpc/users/2023010828/exp8/result.conv1/data.4/pinerr.tpsslog -detach_reattach -follow_execv -tool_load_option deepbind -t64 /opt/intel/oneapi/vtune/2023.1.0/lib64/libtpsstool.so -t /opt/intel/oneapi/vtune/2023.1.0/lib32/libtpsstool.so -server_name tpss_ipc.3823462 -prd_dir /opt/intel/oneapi/vtune/2023.1.0 -- ./main 2023010828
886 [22933227911040] INFO perfrun.launcher <> - ProcessCreator object was created
888 [22933227911040] INFO perfrun.launcher <> - Launcher: the process was started in suspend mode
892 [22933084825280] WARN perfrun.system <> - Could not do anything with /sys/kernel/debug/kvm: boost::filesystem::status: Permission denied: "/sys/kernel/debug/kvm", at file: vcs/perfrun1/plugins/system/src/trace_writer.cpp:787
892 [22933084825280] WARN perfrun.system <> - Folder "/var/run/libvirt/qemu/"doesn't exist, at file: vcs/perfrun1/plugins/system/src/trace_writer.cpp:800
892 [22933084825280] INFO perfrun.itt <> - start itt controller for pid #3823556
892 [22933084825280] INFO perfrun.perfcollector <> - attaching to pid: 3823556, collect mode: 1, rc modes: 1
906 [22933067474624] WARN perfrun.perfcollector <> - Perf stat trace pipe capacity: read = 1048576, write = 1048576, at file: vcs/perfrun1/plugins/perfcollector/src/profiler.cpp:765
915 [22933067474624] INFO perfrun.sdk <> - runCmd: /opt/intel/oneapi/vtune/2023.1.0/bin64/amplxe-perf stat -v --log-fd 22 --control=fd:23,26 --scale -x ; -p 3823556 -e cpu/event=0x3c,name='CPU_CLK_UNHALTED.THREAD'/Duk,cpu/umask=0x3,name='CPU_CLK_UNHALTED.REF_TSC'/Duk,cpu/event=0xc0,name='INST_RETIRED.ANY'/Duk,cpu/event=0x3c,umask=0x1,name='CPU_CLK_UNHALTED.REF_XCLK'/uk,cpu/event=0x3c,umask=0x2,name='CPU_CLK_UNHALTED.ONE_THREAD_ACTIVE'/uk,cpu/event=0xc7,umask=0x2,name='FP_ARITH_INST_RETIRED.SCALAR_SINGLE'/uk,cpu/event=0xc7,umask=0x8,name='FP_ARITH_INST_RETIRED.128B_PACKED_SINGLE'/uk,cpu/event=0xc7,umask=0x20,name='FP_ARITH_INST_RETIRED.256B_PACKED_SINGLE'/uk,cpu/event=0xc7,umask=0x1,name='FP_ARITH_INST_RETIRED.SCALAR_DOUBLE'/uk,cpu/event=0xc7,umask=0x4,name='FP_ARITH_INST_RETIRED.128B_PACKED_DOUBLE'/uk,cpu/event=0xc7,umask=0x10,name='FP_ARITH_INST_RETIRED.256B_PACKED_DOUBLE'/uk,cpu/event=0xc0,umask=0x2,name='INST_RETIRED.X87'/uk,cpu/event=0xc2,umask=0x2,name='UOPS_RETIRED.RETIRE_SLOTS'/uk /opt/intel/oneapi/vtune/2023.1.0/bin64/amplxe-perf-sync sync sys
916 [22933067474624] INFO perfrun.sdk <> - runCmd started PID 3823585
1056 [22933084825280] INFO perfrun.tpss <> - start tpss controller for pid #3823556
1107 [22933227911040] INFO perfrun.launcher <> - Launcher: all plugins were started
1107 [22933227911040] INFO perfrun.launcher <> - DirectoryMonitor object was created
1107 [22933227911040] INFO perfrun.launcher <> - DirectoryMonitor: a callback was added
1107 [22933227911040] INFO perfrun.launcher <> - DirectoryMonitor was started with pingTime = 1000
1107 [22933227911040] INFO perfrun.launcher <> - DeadlineTimer is going to be constructed
1108 [22933227911040] INFO perfrun.launcher <> - DeadlineTimer: a callback was added
1109 [22933227911040] INFO perfrun.launcher <> - Launcher: resume the profiled application and  wait its termination or stop command
69442 [22933227911040] INFO perfrun.launcher <> - Launcher: the profiled application was terminated  with exit code = 0
69487 [22933084825280] INFO perfrun.itt <> - detach itt controller
69487 [22933084825280] INFO perfrun.itt <> - detach itt controller done
69489 [22933067474624] INFO perfrun.perfcollector <> - Monitor: runCmd RC = true
69490 [22933084825280] INFO perfrun.perfcollector <> - Monitor: state = 3, error = 1
69490 [22933084825280] INFO perfrun.tpss <> - stop tpss controller
69493 [22933084825280] INFO perfrun.sdk <> - De-allocating TMU: /home/course/hpc/users/2023010828/exp8/result.conv1/data.4/systemcollector-3823462-conv1.sc
69493 [22933084825280] INFO perfrun.system <> - closed the system trace file: /home/course/hpc/users/2023010828/exp8/result.conv1/data.4/systemcollector-3823462-conv1.sc
69493 [22933227911040] INFO perfrun.launcher <> - Launcher: all plugins were stopped.
69493 [22933227911040] INFO perfrun.launcher <> - DeadlineTimer is going to be destroyed
69493 [22933227911040] INFO perfrun.launcher <> - DeadlineTimer was destroyed
69493 [22933227911040] INFO perfrun.launcher <> - DirectoryMonitor object was destroyed
69493 [22933227911040] WARN perfrun.launcher <> - Stop command is ignored because it is received when collection is already stopped, at file: vcs/perfrun1/launcher/src/command_handler.cpp:226
69496 [22933227911040] INFO perfrun.launcher <> - Application exit code: 0
69496 [22933227911040] INFO perfrun.launcher <> - Exit code: 0
