[..0828/PA3/src/util.cu:74 (argParse)] dset = "arxiv" (std::string)
[..0828/PA3/src/data.cu:5 (load_graph)] loading
[..28/PA3/test/main.cpp:17 (main)] kLen = 32 (int)
[==========] Running 3 tests from 1 test suite.
[----------] Global test environment set-up.
[----------] 3 tests from SpMMTest
[ RUN      ] SpMMTest.validation
[       OK ] SpMMTest.validation (60 ms)
[ RUN      ] SpMMTest.cusparse_performance
[..A3/test/test_spmm.cu:62 (TestBody)] time = 0.000731023 (double)
[       OK ] SpMMTest.cusparse_performance (230 ms)
[ RUN      ] SpMMTest.opt_performance
[..A3/test/test_spmm.cu:71 (TestBody)] time = 0.00954319 (double)
[       OK ] SpMMTest.opt_performance (289 ms)
[----------] 3 tests from SpMMTest (580 ms total)

[----------] Global test environment tear-down
[==========] 3 tests from 1 test suite ran. (580 ms total)
[  PASSED  ] 3 tests.
[..0828/PA3/src/util.cu:74 (argParse)] dset = "collab" (std::string)
[..0828/PA3/src/data.cu:5 (load_graph)] loading
[..28/PA3/test/main.cpp:17 (main)] kLen = 32 (int)
[==========] Running 3 tests from 1 test suite.
[----------] Global test environment set-up.
[----------] 3 tests from SpMMTest
[ RUN      ] SpMMTest.validation
[       OK ] SpMMTest.validation (43 ms)
[ RUN      ] SpMMTest.cusparse_performance
[..A3/test/test_spmm.cu:62 (TestBody)] time = 0.00127073 (double)
[       OK ] SpMMTest.cusparse_performance (244 ms)
[ RUN      ] SpMMTest.opt_performance
[..A3/test/test_spmm.cu:71 (TestBody)] time = 0.0138067 (double)
[       OK ] SpMMTest.opt_performance (419 ms)
[----------] 3 tests from SpMMTest (707 ms total)

[----------] Global test environment tear-down
[==========] 3 tests from 1 test suite ran. (707 ms total)
[  PASSED  ] 3 tests.
[..0828/PA3/src/util.cu:74 (argParse)] dset = "citation" (std::string)
[..0828/PA3/src/data.cu:5 (load_graph)] loading
[..28/PA3/test/main.cpp:17 (main)] kLen = 32 (int)
[==========] Running 3 tests from 1 test suite.
[----------] Global test environment set-up.
[----------] 3 tests from SpMMTest
[ RUN      ] SpMMTest.validation
[       OK ] SpMMTest.validation (629 ms)
[ RUN      ] SpMMTest.cusparse_performance
[..A3/test/test_spmm.cu:62 (TestBody)] time = 0.0164471 (double)
[       OK ] SpMMTest.cusparse_performance (741 ms)
[ RUN      ] SpMMTest.opt_performance
[..A3/test/test_spmm.cu:71 (TestBody)] time = 0.262189 (double)
[       OK ] SpMMTest.opt_performance (7918 ms)
[----------] 3 tests from SpMMTest (9289 ms total)

[----------] Global test environment tear-down
[==========] 3 tests from 1 test suite ran. (9289 ms total)
[  PASSED  ] 3 tests.
[..0828/PA3/src/util.cu:74 (argParse)] dset = "ddi" (std::string)
[..0828/PA3/src/data.cu:5 (load_graph)] loading
[..28/PA3/test/main.cpp:17 (main)] kLen = 32 (int)
[==========] Running 3 tests from 1 test suite.
[----------] Global test environment set-up.
[----------] 3 tests from SpMMTest
[ RUN      ] SpMMTest.validation
[       OK ] SpMMTest.validation (22 ms)
[ RUN      ] SpMMTest.cusparse_performance
[..A3/test/test_spmm.cu:62 (TestBody)] time = 0.000640027 (double)
[       OK ] SpMMTest.cusparse_performance (230 ms)
[ RUN      ] SpMMTest.opt_performance
[..A3/test/test_spmm.cu:71 (TestBody)] time = 0.00520774 (double)
[       OK ] SpMMTest.opt_performance (157 ms)
[----------] 3 tests from SpMMTest (411 ms total)

[----------] Global test environment tear-down
[==========] 3 tests from 1 test suite ran. (411 ms total)
[  PASSED  ] 3 tests.
[..0828/PA3/src/util.cu:74 (argParse)] dset = "protein" (std::string)
[..0828/PA3/src/data.cu:5 (load_graph)] loading
[..28/PA3/test/main.cpp:17 (main)] kLen = 32 (int)
[==========] Running 3 tests from 1 test suite.
[----------] Global test environment set-up.
[----------] 3 tests from SpMMTest
[ RUN      ] SpMMTest.validation
[       OK ] SpMMTest.validation (1035 ms)
[ RUN      ] SpMMTest.cusparse_performance
[..A3/test/test_spmm.cu:62 (TestBody)] time = 0.0246625 (double)
[       OK ] SpMMTest.cusparse_performance (984 ms)
[ RUN      ] SpMMTest.opt_performance
[..A3/test/test_spmm.cu:71 (TestBody)] time = 0.236998 (double)
[       OK ] SpMMTest.opt_performance (7151 ms)
[----------] 3 tests from SpMMTest (9172 ms total)

[----------] Global test environment tear-down
[==========] 3 tests from 1 test suite ran. (9172 ms total)
[  PASSED  ] 3 tests.
[..0828/PA3/src/util.cu:74 (argParse)] dset = "ppa" (std::string)
[..0828/PA3/src/data.cu:5 (load_graph)] loading
[..28/PA3/test/main.cpp:17 (main)] kLen = 32 (int)
[==========] Running 3 tests from 1 test suite.
[----------] Global test environment set-up.
[----------] 3 tests from SpMMTest
[ RUN      ] SpMMTest.validation
[       OK ] SpMMTest.validation (774 ms)
[ RUN      ] SpMMTest.cusparse_performance
[..A3/test/test_spmm.cu:62 (TestBody)] time = 0.0184165 (double)
[       OK ] SpMMTest.cusparse_performance (785 ms)
[ RUN      ] SpMMTest.opt_performance
[..A3/test/test_spmm.cu:71 (TestBody)] time = 0.301961 (double)
[       OK ] SpMMTest.opt_performance (9088 ms)
[----------] 3 tests from SpMMTest (10649 ms total)

[----------] Global test environment tear-down
[==========] 3 tests from 1 test suite ran. (10649 ms total)
[  PASSED  ] 3 tests.
[..0828/PA3/src/util.cu:74 (argParse)] dset = "reddit.dgl" (std::string)
[..0828/PA3/src/data.cu:5 (load_graph)] loading
[..28/PA3/test/main.cpp:17 (main)] kLen = 32 (int)
[==========] Running 3 tests from 1 test suite.
[----------] Global test environment set-up.
[----------] 3 tests from SpMMTest
[ RUN      ] SpMMTest.validation
[       OK ] SpMMTest.validation (1751 ms)
[ RUN      ] SpMMTest.cusparse_performance
[..A3/test/test_spmm.cu:62 (TestBody)] time = 0.0485222 (double)
[       OK ] SpMMTest.cusparse_performance (1702 ms)
[ RUN      ] SpMMTest.opt_performance
[..A3/test/test_spmm.cu:71 (TestBody)] time = 0.616824 (double)
[       OK ] SpMMTest.opt_performance (18550 ms)
[----------] 3 tests from SpMMTest (22004 ms total)

[----------] Global test environment tear-down
[==========] 3 tests from 1 test suite ran. (22005 ms total)
[  PASSED  ] 3 tests.
[..0828/PA3/src/util.cu:74 (argParse)] dset = "products" (std::string)
[..0828/PA3/src/data.cu:5 (load_graph)] loading
[..28/PA3/test/main.cpp:17 (main)] kLen = 32 (int)
[==========] Running 3 tests from 1 test suite.
[----------] Global test environment set-up.
[----------] 3 tests from SpMMTest
[ RUN      ] SpMMTest.validation
[       OK ] SpMMTest.validation (2361 ms)
[ RUN      ] SpMMTest.cusparse_performance
[..A3/test/test_spmm.cu:62 (TestBody)] time = 0.0558526 (double)
[       OK ] SpMMTest.cusparse_performance (1957 ms)
[ RUN      ] SpMMTest.opt_performance
[..A3/test/test_spmm.cu:71 (TestBody)] time = 0.963479 (double)
[       OK ] SpMMTest.opt_performance (28983 ms)
[----------] 3 tests from SpMMTest (33302 ms total)

[----------] Global test environment tear-down
[==========] 3 tests from 1 test suite ran. (33302 ms total)
[  PASSED  ] 3 tests.
[..0828/PA3/src/util.cu:74 (argParse)] dset = "youtube" (std::string)
[..0828/PA3/src/data.cu:5 (load_graph)] loading
[..28/PA3/test/main.cpp:17 (main)] kLen = 32 (int)
[==========] Running 3 tests from 1 test suite.
[----------] Global test environment set-up.
[----------] 3 tests from SpMMTest
[ RUN      ] SpMMTest.validation
[       OK ] SpMMTest.validation (194 ms)
[ RUN      ] SpMMTest.cusparse_performance
[..A3/test/test_spmm.cu:62 (TestBody)] time = 0.00364373 (double)
[       OK ] SpMMTest.cusparse_performance (332 ms)
[ RUN      ] SpMMTest.opt_performance
[..A3/test/test_spmm.cu:71 (TestBody)] time = 0.0365675 (double)
[       OK ] SpMMTest.opt_performance (1118 ms)
[----------] 3 tests from SpMMTest (1645 ms total)

[----------] Global test environment tear-down
[==========] 3 tests from 1 test suite ran. (1645 ms total)
[  PASSED  ] 3 tests.
[..0828/PA3/src/util.cu:74 (argParse)] dset = "amazon_cogdl" (std::string)
[..0828/PA3/src/data.cu:5 (load_graph)] loading
[..28/PA3/test/main.cpp:17 (main)] kLen = 32 (int)
[==========] Running 3 tests from 1 test suite.
[----------] Global test environment set-up.
[----------] 3 tests from SpMMTest
[ RUN      ] SpMMTest.validation
[       OK ] SpMMTest.validation (4454 ms)
[ RUN      ] SpMMTest.cusparse_performance
[..A3/test/test_spmm.cu:62 (TestBody)] time = 0.12535 (double)
[       OK ] SpMMTest.cusparse_performance (4058 ms)
[ RUN      ] SpMMTest.opt_performance
